ERROR - 2023-02-25 21:35:20 --> mysqli_sql_exception: Unknown column 'name' in 'order clause' in C:\xampp\htdocs\hrm\system\Database\MySQLi\Connection.php:292
Stack trace:
#0 C:\xampp\htdocs\hrm\system\Database\MySQLi\Connection.php(292): mysqli->query('SELECT *\nFROM `...', 0)
#1 C:\xampp\htdocs\hrm\system\Database\BaseConnection.php(666): CodeIgniter\Database\MySQLi\Connection->execute('SELECT *\nFROM `...')
#2 C:\xampp\htdocs\hrm\system\Database\BaseConnection.php(593): CodeIgniter\Database\BaseConnection->simpleQuery('SELECT *\nFROM `...')
#3 C:\xampp\htdocs\hrm\system\Database\BaseBuilder.php(1585): CodeIgniter\Database\BaseConnection->query('SELECT *\nFROM `...', Array, false)
#4 C:\xampp\htdocs\hrm\system\Model.php(223): CodeIgniter\Database\BaseBuilder->get()
#5 C:\xampp\htdocs\hrm\system\BaseModel.php(585): CodeIgniter\Model->doFindAll(10, 0)
#6 C:\xampp\htdocs\hrm\app\Controllers\Employee.php(82): CodeIgniter\BaseModel->findAll(10, 0)
#7 C:\xampp\htdocs\hrm\system\CodeIgniter.php(927): App\Controllers\Employee->getEmployee()
#8 C:\xampp\htdocs\hrm\system\CodeIgniter.php(482): CodeIgniter\CodeIgniter->runController(Object(App\Controllers\Employee))
#9 C:\xampp\htdocs\hrm\system\CodeIgniter.php(351): CodeIgniter\CodeIgniter->handleRequest(NULL, Object(Config\Cache), false)
#10 C:\xampp\htdocs\hrm\index.php(68): CodeIgniter\CodeIgniter->run()
#11 {main}
CRITICAL - 2023-02-25 21:35:20 --> Unknown column 'name' in 'order clause'
in SYSTEMPATH\Database\MySQLi\Connection.php on line 292.
 1 SYSTEMPATH\Database\MySQLi\Connection.php(292): mysqli->query('SELECT *
FROM `employee`
WHERE `employee_id` LIKE \'%%\' ESCAPE \'!\'
OR  `firstname` LIKE \'%%\' ESCAPE \'!\'
OR  `middlename` LIKE \'%%\' ESCAPE \'!\'
OR  `lastname` LIKE \'%%\' ESCAPE \'!\'
OR  `birthdate` LIKE \'%%\' ESCAPE \'!\'
OR  `address` LIKE \'%%\' ESCAPE \'!\'
OR  `personal_email` LIKE \'%%\' ESCAPE \'!\'
OR  `company_email` LIKE \'%%\' ESCAPE \'!\'
ORDER BY `name` ASC
 LIMIT 10', 0)
 2 SYSTEMPATH\Database\BaseConnection.php(666): CodeIgniter\Database\MySQLi\Connection->execute('SELECT *
FROM `employee`
WHERE `employee_id` LIKE \'%%\' ESCAPE \'!\'
OR  `firstname` LIKE \'%%\' ESCAPE \'!\'
OR  `middlename` LIKE \'%%\' ESCAPE \'!\'
OR  `lastname` LIKE \'%%\' ESCAPE \'!\'
OR  `birthdate` LIKE \'%%\' ESCAPE \'!\'
OR  `address` LIKE \'%%\' ESCAPE \'!\'
OR  `personal_email` LIKE \'%%\' ESCAPE \'!\'
OR  `company_email` LIKE \'%%\' ESCAPE \'!\'
ORDER BY `name` ASC
 LIMIT 10')
 3 SYSTEMPATH\Database\BaseConnection.php(593): CodeIgniter\Database\BaseConnection->simpleQuery('SELECT *
FROM `employee`
WHERE `employee_id` LIKE \'%%\' ESCAPE \'!\'
OR  `firstname` LIKE \'%%\' ESCAPE \'!\'
OR  `middlename` LIKE \'%%\' ESCAPE \'!\'
OR  `lastname` LIKE \'%%\' ESCAPE \'!\'
OR  `birthdate` LIKE \'%%\' ESCAPE \'!\'
OR  `address` LIKE \'%%\' ESCAPE \'!\'
OR  `personal_email` LIKE \'%%\' ESCAPE \'!\'
OR  `company_email` LIKE \'%%\' ESCAPE \'!\'
ORDER BY `name` ASC
 LIMIT 10')
 4 SYSTEMPATH\Database\BaseBuilder.php(1585): CodeIgniter\Database\BaseConnection->query('SELECT *
FROM `employee`
WHERE `employee_id` LIKE :employee_id.1: ESCAPE \'!\'
OR  `firstname` LIKE :firstname.1: ESCAPE \'!\'
OR  `middlename` LIKE :middlename.1: ESCAPE \'!\'
OR  `lastname` LIKE :lastname.1: ESCAPE \'!\'
OR  `birthdate` LIKE :birthdate.1: ESCAPE \'!\'
OR  `address` LIKE :address.1: ESCAPE \'!\'
OR  `personal_email` LIKE :personal_email.1: ESCAPE \'!\'
OR  `company_email` LIKE :company_email.1: ESCAPE \'!\'
ORDER BY `name` ASC
 LIMIT 10', [...], false)
 5 SYSTEMPATH\Model.php(223): CodeIgniter\Database\BaseBuilder->get()
 6 SYSTEMPATH\BaseModel.php(585): CodeIgniter\Model->doFindAll(10, 0)
 7 APPPATH\Controllers\Employee.php(82): CodeIgniter\BaseModel->findAll(10, 0)
 8 SYSTEMPATH\CodeIgniter.php(927): App\Controllers\Employee->getEmployee()
 9 SYSTEMPATH\CodeIgniter.php(482): CodeIgniter\CodeIgniter->runController(Object(App\Controllers\Employee))
10 SYSTEMPATH\CodeIgniter.php(351): CodeIgniter\CodeIgniter->handleRequest(null, Object(Config\Cache), false)
11 FCPATH\index.php(68): CodeIgniter\CodeIgniter->run()
ERROR - 2023-02-25 21:35:26 --> mysqli_sql_exception: Unknown column 'name' in 'order clause' in C:\xampp\htdocs\hrm\system\Database\MySQLi\Connection.php:292
Stack trace:
#0 C:\xampp\htdocs\hrm\system\Database\MySQLi\Connection.php(292): mysqli->query('SELECT *\nFROM `...', 0)
#1 C:\xampp\htdocs\hrm\system\Database\BaseConnection.php(666): CodeIgniter\Database\MySQLi\Connection->execute('SELECT *\nFROM `...')
#2 C:\xampp\htdocs\hrm\system\Database\BaseConnection.php(593): CodeIgniter\Database\BaseConnection->simpleQuery('SELECT *\nFROM `...')
#3 C:\xampp\htdocs\hrm\system\Database\BaseBuilder.php(1585): CodeIgniter\Database\BaseConnection->query('SELECT *\nFROM `...', Array, false)
#4 C:\xampp\htdocs\hrm\system\Model.php(223): CodeIgniter\Database\BaseBuilder->get()
#5 C:\xampp\htdocs\hrm\system\BaseModel.php(585): CodeIgniter\Model->doFindAll(10, 0)
#6 C:\xampp\htdocs\hrm\app\Controllers\Employee.php(82): CodeIgniter\BaseModel->findAll(10, 0)
#7 C:\xampp\htdocs\hrm\system\CodeIgniter.php(927): App\Controllers\Employee->getEmployee()
#8 C:\xampp\htdocs\hrm\system\CodeIgniter.php(482): CodeIgniter\CodeIgniter->runController(Object(App\Controllers\Employee))
#9 C:\xampp\htdocs\hrm\system\CodeIgniter.php(351): CodeIgniter\CodeIgniter->handleRequest(NULL, Object(Config\Cache), false)
#10 C:\xampp\htdocs\hrm\index.php(68): CodeIgniter\CodeIgniter->run()
#11 {main}
CRITICAL - 2023-02-25 21:35:26 --> Unknown column 'name' in 'order clause'
in SYSTEMPATH\Database\MySQLi\Connection.php on line 292.
 1 SYSTEMPATH\Database\MySQLi\Connection.php(292): mysqli->query('SELECT *
FROM `employee`
WHERE `employee_id` LIKE \'%1000%\' ESCAPE \'!\'
OR  `firstname` LIKE \'%1000%\' ESCAPE \'!\'
OR  `middlename` LIKE \'%1000%\' ESCAPE \'!\'
OR  `lastname` LIKE \'%1000%\' ESCAPE \'!\'
OR  `birthdate` LIKE \'%1000%\' ESCAPE \'!\'
OR  `address` LIKE \'%1000%\' ESCAPE \'!\'
OR  `personal_email` LIKE \'%1000%\' ESCAPE \'!\'
OR  `company_email` LIKE \'%1000%\' ESCAPE \'!\'
ORDER BY `name` ASC
 LIMIT 10', 0)
 2 SYSTEMPATH\Database\BaseConnection.php(666): CodeIgniter\Database\MySQLi\Connection->execute('SELECT *
FROM `employee`
WHERE `employee_id` LIKE \'%1000%\' ESCAPE \'!\'
OR  `firstname` LIKE \'%1000%\' ESCAPE \'!\'
OR  `middlename` LIKE \'%1000%\' ESCAPE \'!\'
OR  `lastname` LIKE \'%1000%\' ESCAPE \'!\'
OR  `birthdate` LIKE \'%1000%\' ESCAPE \'!\'
OR  `address` LIKE \'%1000%\' ESCAPE \'!\'
OR  `personal_email` LIKE \'%1000%\' ESCAPE \'!\'
OR  `company_email` LIKE \'%1000%\' ESCAPE \'!\'
ORDER BY `name` ASC
 LIMIT 10')
 3 SYSTEMPATH\Database\BaseConnection.php(593): CodeIgniter\Database\BaseConnection->simpleQuery('SELECT *
FROM `employee`
WHERE `employee_id` LIKE \'%1000%\' ESCAPE \'!\'
OR  `firstname` LIKE \'%1000%\' ESCAPE \'!\'
OR  `middlename` LIKE \'%1000%\' ESCAPE \'!\'
OR  `lastname` LIKE \'%1000%\' ESCAPE \'!\'
OR  `birthdate` LIKE \'%1000%\' ESCAPE \'!\'
OR  `address` LIKE \'%1000%\' ESCAPE \'!\'
OR  `personal_email` LIKE \'%1000%\' ESCAPE \'!\'
OR  `company_email` LIKE \'%1000%\' ESCAPE \'!\'
ORDER BY `name` ASC
 LIMIT 10')
 4 SYSTEMPATH\Database\BaseBuilder.php(1585): CodeIgniter\Database\BaseConnection->query('SELECT *
FROM `employee`
WHERE `employee_id` LIKE :employee_id.1: ESCAPE \'!\'
OR  `firstname` LIKE :firstname.1: ESCAPE \'!\'
OR  `middlename` LIKE :middlename.1: ESCAPE \'!\'
OR  `lastname` LIKE :lastname.1: ESCAPE \'!\'
OR  `birthdate` LIKE :birthdate.1: ESCAPE \'!\'
OR  `address` LIKE :address.1: ESCAPE \'!\'
OR  `personal_email` LIKE :personal_email.1: ESCAPE \'!\'
OR  `company_email` LIKE :company_email.1: ESCAPE \'!\'
ORDER BY `name` ASC
 LIMIT 10', [...], false)
 5 SYSTEMPATH\Model.php(223): CodeIgniter\Database\BaseBuilder->get()
 6 SYSTEMPATH\BaseModel.php(585): CodeIgniter\Model->doFindAll(10, 0)
 7 APPPATH\Controllers\Employee.php(82): CodeIgniter\BaseModel->findAll(10, 0)
 8 SYSTEMPATH\CodeIgniter.php(927): App\Controllers\Employee->getEmployee()
 9 SYSTEMPATH\CodeIgniter.php(482): CodeIgniter\CodeIgniter->runController(Object(App\Controllers\Employee))
10 SYSTEMPATH\CodeIgniter.php(351): CodeIgniter\CodeIgniter->handleRequest(null, Object(Config\Cache), false)
11 FCPATH\index.php(68): CodeIgniter\CodeIgniter->run()
