CRITICAL - 2022-11-28 18:51:30 --> syntax error, unexpected token ";", expecting "]"
in APPPATH\Controllers\SignupController.php on line 33.
 1 SYSTEMPATH\Autoloader\Autoloader.php(259): CodeIgniter\Autoloader\Autoloader->includeFile('APPPATH\\Controllers\\SignupController.php')
 2 SYSTEMPATH\Autoloader\Autoloader.php(237): CodeIgniter\Autoloader\Autoloader->loadInNamespace('App\\Controllers\\SignupController')
 3 [internal function]: CodeIgniter\Autoloader\Autoloader->loadClass('App\\Controllers\\SignupController')
 4 SYSTEMPATH\CodeIgniter.php(877): class_exists('\\App\\Controllers\\SignupController', true)
 5 SYSTEMPATH\CodeIgniter.php(469): CodeIgniter\CodeIgniter->startController()
 6 SYSTEMPATH\CodeIgniter.php(351): CodeIgniter\CodeIgniter->handleRequest(null, Object(Config\Cache), false)
 7 FCPATH\index.php(68): CodeIgniter\CodeIgniter->run()
CRITICAL - 2022-11-28 18:51:48 --> Class "App\Controllers\Time" not found
in APPPATH\Controllers\SignupController.php on line 33.
 1 SYSTEMPATH\CodeIgniter.php(927): App\Controllers\SignupController->store()
 2 SYSTEMPATH\CodeIgniter.php(482): CodeIgniter\CodeIgniter->runController(Object(App\Controllers\SignupController))
 3 SYSTEMPATH\CodeIgniter.php(351): CodeIgniter\CodeIgniter->handleRequest(null, Object(Config\Cache), false)
 4 FCPATH\index.php(68): CodeIgniter\CodeIgniter->run()
CRITICAL - 2022-11-28 18:57:56 --> syntax error, unexpected token ";", expecting "]"
in APPPATH\Controllers\SignupController.php on line 36.
 1 SYSTEMPATH\Autoloader\Autoloader.php(259): CodeIgniter\Autoloader\Autoloader->includeFile('APPPATH\\Controllers\\SignupController.php')
 2 SYSTEMPATH\Autoloader\Autoloader.php(237): CodeIgniter\Autoloader\Autoloader->loadInNamespace('App\\Controllers\\SignupController')
 3 [internal function]: CodeIgniter\Autoloader\Autoloader->loadClass('App\\Controllers\\SignupController')
 4 SYSTEMPATH\CodeIgniter.php(877): class_exists('\\App\\Controllers\\SignupController', true)
 5 SYSTEMPATH\CodeIgniter.php(469): CodeIgniter\CodeIgniter->startController()
 6 SYSTEMPATH\CodeIgniter.php(351): CodeIgniter\CodeIgniter->handleRequest(null, Object(Config\Cache), false)
 7 FCPATH\index.php(68): CodeIgniter\CodeIgniter->run()
CRITICAL - 2022-11-28 19:30:13 --> Undefined array key "username"
in APPPATH\Controllers\SigninController.php on line 44.
 1 APPPATH\Controllers\SigninController.php(44): CodeIgniter\Debug\Exceptions->errorHandler(2, 'Undefined array key "username"', 'APPPATH\\Controllers\\SigninController.php', 44)
 2 SYSTEMPATH\CodeIgniter.php(927): App\Controllers\SigninController->loginAuth()
 3 SYSTEMPATH\CodeIgniter.php(482): CodeIgniter\CodeIgniter->runController(Object(App\Controllers\SigninController))
 4 SYSTEMPATH\CodeIgniter.php(351): CodeIgniter\CodeIgniter->handleRequest(null, Object(Config\Cache), false)
 5 FCPATH\index.php(68): CodeIgniter\CodeIgniter->run()
CRITICAL - 2022-11-28 19:32:47 --> Undefined variable $session
in APPPATH\Views\main_layout.php on line 393.
 1 APPPATH\Views\main_layout.php(393): CodeIgniter\Debug\Exceptions->errorHandler(2, 'Undefined variable $session', 'APPPATH\\Views\\main_layout.php', 393)
 2 SYSTEMPATH\View\View.php(213): include('APPPATH\\Views\\main_layout.php')
 3 SYSTEMPATH\View\View.php(216): CodeIgniter\View\View->CodeIgniter\View\{closure}()
 4 SYSTEMPATH\Common.php(1134): CodeIgniter\View\View->render('main_layout', [], true)
 5 APPPATH\Controllers\Dashboard.php(15): view('main_layout')
 6 SYSTEMPATH\CodeIgniter.php(927): App\Controllers\Dashboard->index()
 7 SYSTEMPATH\CodeIgniter.php(482): CodeIgniter\CodeIgniter->runController(Object(App\Controllers\Dashboard))
 8 SYSTEMPATH\CodeIgniter.php(351): CodeIgniter\CodeIgniter->handleRequest(null, Object(Config\Cache), false)
 9 FCPATH\index.php(68): CodeIgniter\CodeIgniter->run()
