CRITICAL - 2023-02-07 19:06:15 --> Undefined variable $data
in APPPATH\Views\employee\edit.php on line 6.
 1 APPPATH\Views\employee\edit.php(6): CodeIgniter\Debug\Exceptions->errorHandler(2, 'Undefined variable $data', 'APPPATH\\Views\\employee\\edit.php', 6)
 2 SYSTEMPATH\View\View.php(213): include('APPPATH\\Views\\employee\\edit.php')
 3 SYSTEMPATH\View\View.php(216): CodeIgniter\View\View->CodeIgniter\View\{closure}()
 4 SYSTEMPATH\Common.php(1134): CodeIgniter\View\View->render('employee/edit', [], true)
 5 APPPATH\Controllers\Employee.php(129): view('employee/edit', [...])
 6 SYSTEMPATH\CodeIgniter.php(927): App\Controllers\Employee->edit('6')
 7 SYSTEMPATH\CodeIgniter.php(482): CodeIgniter\CodeIgniter->runController(Object(App\Controllers\Employee))
 8 SYSTEMPATH\CodeIgniter.php(351): CodeIgniter\CodeIgniter->handleRequest(null, Object(Config\Cache), false)
 9 FCPATH\index.php(68): CodeIgniter\CodeIgniter->run()
CRITICAL - 2023-02-07 19:06:40 --> Undefined variable $data
in APPPATH\Views\employee\edit.php on line 6.
 1 APPPATH\Views\employee\edit.php(6): CodeIgniter\Debug\Exceptions->errorHandler(2, 'Undefined variable $data', 'APPPATH\\Views\\employee\\edit.php', 6)
 2 SYSTEMPATH\View\View.php(213): include('APPPATH\\Views\\employee\\edit.php')
 3 SYSTEMPATH\View\View.php(216): CodeIgniter\View\View->CodeIgniter\View\{closure}()
 4 SYSTEMPATH\Common.php(1134): CodeIgniter\View\View->render('employee/edit', [], true)
 5 APPPATH\Controllers\Employee.php(129): view('employee/edit', [...])
 6 SYSTEMPATH\CodeIgniter.php(927): App\Controllers\Employee->edit('6')
 7 SYSTEMPATH\CodeIgniter.php(482): CodeIgniter\CodeIgniter->runController(Object(App\Controllers\Employee))
 8 SYSTEMPATH\CodeIgniter.php(351): CodeIgniter\CodeIgniter->handleRequest(null, Object(Config\Cache), false)
 9 FCPATH\index.php(68): CodeIgniter\CodeIgniter->run()
CRITICAL - 2023-02-07 19:11:10 --> Trying to access array offset on value of type null
in APPPATH\Views\employee\edit.php on line 7.
 1 APPPATH\Views\employee\edit.php(7): CodeIgniter\Debug\Exceptions->errorHandler(2, 'Trying to access array offset on value of type null', 'APPPATH\\Views\\employee\\edit.php', 7)
 2 SYSTEMPATH\View\View.php(213): include('APPPATH\\Views\\employee\\edit.php')
 3 SYSTEMPATH\View\View.php(216): CodeIgniter\View\View->CodeIgniter\View\{closure}()
 4 SYSTEMPATH\Common.php(1134): CodeIgniter\View\View->render('employee/edit', [], true)
 5 APPPATH\Controllers\Employee.php(129): view('employee/edit', [...])
 6 SYSTEMPATH\CodeIgniter.php(927): App\Controllers\Employee->edit('6')
 7 SYSTEMPATH\CodeIgniter.php(482): CodeIgniter\CodeIgniter->runController(Object(App\Controllers\Employee))
 8 SYSTEMPATH\CodeIgniter.php(351): CodeIgniter\CodeIgniter->handleRequest(null, Object(Config\Cache), false)
 9 FCPATH\index.php(68): CodeIgniter\CodeIgniter->run()
CRITICAL - 2023-02-07 19:12:52 --> Trying to access array offset on value of type null
in APPPATH\Views\employee\edit.php on line 7.
 1 APPPATH\Views\employee\edit.php(7): CodeIgniter\Debug\Exceptions->errorHandler(2, 'Trying to access array offset on value of type null', 'APPPATH\\Views\\employee\\edit.php', 7)
 2 SYSTEMPATH\View\View.php(213): include('APPPATH\\Views\\employee\\edit.php')
 3 SYSTEMPATH\View\View.php(216): CodeIgniter\View\View->CodeIgniter\View\{closure}()
 4 SYSTEMPATH\Common.php(1134): CodeIgniter\View\View->render('employee/edit', [], true)
 5 APPPATH\Controllers\Employee.php(129): view('employee/edit', [...])
 6 SYSTEMPATH\CodeIgniter.php(927): App\Controllers\Employee->edit('6')
 7 SYSTEMPATH\CodeIgniter.php(482): CodeIgniter\CodeIgniter->runController(Object(App\Controllers\Employee))
 8 SYSTEMPATH\CodeIgniter.php(351): CodeIgniter\CodeIgniter->handleRequest(null, Object(Config\Cache), false)
 9 FCPATH\index.php(68): CodeIgniter\CodeIgniter->run()
CRITICAL - 2023-02-07 19:13:58 --> Cannot access offset of type string on string
in APPPATH\Views\employee\edit.php on line 7.
 1 SYSTEMPATH\View\View.php(213): include()
 2 SYSTEMPATH\View\View.php(216): CodeIgniter\View\View->CodeIgniter\View\{closure}()
 3 SYSTEMPATH\Common.php(1134): CodeIgniter\View\View->render('employee/edit', [], true)
 4 APPPATH\Controllers\Employee.php(129): view('employee/edit', [...])
 5 SYSTEMPATH\CodeIgniter.php(927): App\Controllers\Employee->edit('6')
 6 SYSTEMPATH\CodeIgniter.php(482): CodeIgniter\CodeIgniter->runController(Object(App\Controllers\Employee))
 7 SYSTEMPATH\CodeIgniter.php(351): CodeIgniter\CodeIgniter->handleRequest(null, Object(Config\Cache), false)
 8 FCPATH\index.php(68): CodeIgniter\CodeIgniter->run()
CRITICAL - 2023-02-07 19:14:09 --> Cannot access offset of type string on string
in APPPATH\Views\employee\edit.php on line 7.
 1 SYSTEMPATH\View\View.php(213): include()
 2 SYSTEMPATH\View\View.php(216): CodeIgniter\View\View->CodeIgniter\View\{closure}()
 3 SYSTEMPATH\Common.php(1134): CodeIgniter\View\View->render('employee/edit', [], true)
 4 APPPATH\Controllers\Employee.php(129): view('employee/edit', [...])
 5 SYSTEMPATH\CodeIgniter.php(927): App\Controllers\Employee->edit('6')
 6 SYSTEMPATH\CodeIgniter.php(482): CodeIgniter\CodeIgniter->runController(Object(App\Controllers\Employee))
 7 SYSTEMPATH\CodeIgniter.php(351): CodeIgniter\CodeIgniter->handleRequest(null, Object(Config\Cache), false)
 8 FCPATH\index.php(68): CodeIgniter\CodeIgniter->run()
CRITICAL - 2023-02-07 19:15:38 --> Cannot access offset of type string on string
in APPPATH\Views\employee\edit.php on line 7.
 1 SYSTEMPATH\View\View.php(213): include()
 2 SYSTEMPATH\View\View.php(216): CodeIgniter\View\View->CodeIgniter\View\{closure}()
 3 SYSTEMPATH\Common.php(1134): CodeIgniter\View\View->render('employee/edit', [], true)
 4 APPPATH\Controllers\Employee.php(129): view('employee/edit', [...])
 5 SYSTEMPATH\CodeIgniter.php(927): App\Controllers\Employee->edit('6')
 6 SYSTEMPATH\CodeIgniter.php(482): CodeIgniter\CodeIgniter->runController(Object(App\Controllers\Employee))
 7 SYSTEMPATH\CodeIgniter.php(351): CodeIgniter\CodeIgniter->handleRequest(null, Object(Config\Cache), false)
 8 FCPATH\index.php(68): CodeIgniter\CodeIgniter->run()
CRITICAL - 2023-02-07 19:20:23 --> Attempt to read property "firstname" on string
in APPPATH\Views\employee\edit.php on line 7.
 1 APPPATH\Views\employee\edit.php(7): CodeIgniter\Debug\Exceptions->errorHandler(2, 'Attempt to read property "firstname" on string', 'APPPATH\\Views\\employee\\edit.php', 7)
 2 SYSTEMPATH\View\View.php(213): include('APPPATH\\Views\\employee\\edit.php')
 3 SYSTEMPATH\View\View.php(216): CodeIgniter\View\View->CodeIgniter\View\{closure}()
 4 SYSTEMPATH\Common.php(1134): CodeIgniter\View\View->render('employee/edit', [], true)
 5 APPPATH\Controllers\Employee.php(129): view('employee/edit', [...])
 6 SYSTEMPATH\CodeIgniter.php(927): App\Controllers\Employee->edit('6')
 7 SYSTEMPATH\CodeIgniter.php(482): CodeIgniter\CodeIgniter->runController(Object(App\Controllers\Employee))
 8 SYSTEMPATH\CodeIgniter.php(351): CodeIgniter\CodeIgniter->handleRequest(null, Object(Config\Cache), false)
 9 FCPATH\index.php(68): CodeIgniter\CodeIgniter->run()
CRITICAL - 2023-02-07 19:21:08 --> Call to undefined method App\Models\EmployeeModel::result
in SYSTEMPATH\Model.php on line 774.
 1 APPPATH\Controllers\Employee.php(123): CodeIgniter\Model->__call('result', [])
 2 SYSTEMPATH\CodeIgniter.php(927): App\Controllers\Employee->edit('6')
 3 SYSTEMPATH\CodeIgniter.php(482): CodeIgniter\CodeIgniter->runController(Object(App\Controllers\Employee))
 4 SYSTEMPATH\CodeIgniter.php(351): CodeIgniter\CodeIgniter->handleRequest(null, Object(Config\Cache), false)
 5 FCPATH\index.php(68): CodeIgniter\CodeIgniter->run()
CRITICAL - 2023-02-07 19:24:08 --> Call to undefined method CodeIgniter\Database\MySQLi\Connection::where()
in APPPATH\Models\EmployeeModel.php on line 24.
 1 APPPATH\Controllers\Employee.php(125): App\Models\EmployeeModel->getEmployeeData('6')
 2 SYSTEMPATH\CodeIgniter.php(927): App\Controllers\Employee->edit('6')
 3 SYSTEMPATH\CodeIgniter.php(482): CodeIgniter\CodeIgniter->runController(Object(App\Controllers\Employee))
 4 SYSTEMPATH\CodeIgniter.php(351): CodeIgniter\CodeIgniter->handleRequest(null, Object(Config\Cache), false)
 5 FCPATH\index.php(68): CodeIgniter\CodeIgniter->run()
CRITICAL - 2023-02-07 19:25:16 --> Call to undefined method CodeIgniter\Database\MySQLi\Connection::where()
in APPPATH\Models\EmployeeModel.php on line 24.
 1 APPPATH\Controllers\Employee.php(125): App\Models\EmployeeModel->getEmployeeData('6')
 2 SYSTEMPATH\CodeIgniter.php(927): App\Controllers\Employee->edit('6')
 3 SYSTEMPATH\CodeIgniter.php(482): CodeIgniter\CodeIgniter->runController(Object(App\Controllers\Employee))
 4 SYSTEMPATH\CodeIgniter.php(351): CodeIgniter\CodeIgniter->handleRequest(null, Object(Config\Cache), false)
 5 FCPATH\index.php(68): CodeIgniter\CodeIgniter->run()
CRITICAL - 2023-02-07 19:26:58 --> Call to undefined method CodeIgniter\Database\MySQLi\Connection::where()
in APPPATH\Models\EmployeeModel.php on line 34.
 1 APPPATH\Controllers\Employee.php(125): App\Models\EmployeeModel->getEmployeeData('6')
 2 SYSTEMPATH\CodeIgniter.php(927): App\Controllers\Employee->edit('6')
 3 SYSTEMPATH\CodeIgniter.php(482): CodeIgniter\CodeIgniter->runController(Object(App\Controllers\Employee))
 4 SYSTEMPATH\CodeIgniter.php(351): CodeIgniter\CodeIgniter->handleRequest(null, Object(Config\Cache), false)
 5 FCPATH\index.php(68): CodeIgniter\CodeIgniter->run()
CRITICAL - 2023-02-07 19:26:59 --> Call to undefined method CodeIgniter\Database\MySQLi\Connection::where()
in APPPATH\Models\EmployeeModel.php on line 34.
 1 APPPATH\Controllers\Employee.php(125): App\Models\EmployeeModel->getEmployeeData('6')
 2 SYSTEMPATH\CodeIgniter.php(927): App\Controllers\Employee->edit('6')
 3 SYSTEMPATH\CodeIgniter.php(482): CodeIgniter\CodeIgniter->runController(Object(App\Controllers\Employee))
 4 SYSTEMPATH\CodeIgniter.php(351): CodeIgniter\CodeIgniter->handleRequest(null, Object(Config\Cache), false)
 5 FCPATH\index.php(68): CodeIgniter\CodeIgniter->run()
CRITICAL - 2023-02-07 19:27:00 --> Call to undefined method CodeIgniter\Database\MySQLi\Connection::where()
in APPPATH\Models\EmployeeModel.php on line 34.
 1 APPPATH\Controllers\Employee.php(125): App\Models\EmployeeModel->getEmployeeData('6')
 2 SYSTEMPATH\CodeIgniter.php(927): App\Controllers\Employee->edit('6')
 3 SYSTEMPATH\CodeIgniter.php(482): CodeIgniter\CodeIgniter->runController(Object(App\Controllers\Employee))
 4 SYSTEMPATH\CodeIgniter.php(351): CodeIgniter\CodeIgniter->handleRequest(null, Object(Config\Cache), false)
 5 FCPATH\index.php(68): CodeIgniter\CodeIgniter->run()
CRITICAL - 2023-02-07 19:27:00 --> Call to undefined method CodeIgniter\Database\MySQLi\Connection::where()
in APPPATH\Models\EmployeeModel.php on line 34.
 1 APPPATH\Controllers\Employee.php(125): App\Models\EmployeeModel->getEmployeeData('6')
 2 SYSTEMPATH\CodeIgniter.php(927): App\Controllers\Employee->edit('6')
 3 SYSTEMPATH\CodeIgniter.php(482): CodeIgniter\CodeIgniter->runController(Object(App\Controllers\Employee))
 4 SYSTEMPATH\CodeIgniter.php(351): CodeIgniter\CodeIgniter->handleRequest(null, Object(Config\Cache), false)
 5 FCPATH\index.php(68): CodeIgniter\CodeIgniter->run()
CRITICAL - 2023-02-07 19:27:00 --> Call to undefined method CodeIgniter\Database\MySQLi\Connection::where()
in APPPATH\Models\EmployeeModel.php on line 34.
 1 APPPATH\Controllers\Employee.php(125): App\Models\EmployeeModel->getEmployeeData('6')
 2 SYSTEMPATH\CodeIgniter.php(927): App\Controllers\Employee->edit('6')
 3 SYSTEMPATH\CodeIgniter.php(482): CodeIgniter\CodeIgniter->runController(Object(App\Controllers\Employee))
 4 SYSTEMPATH\CodeIgniter.php(351): CodeIgniter\CodeIgniter->handleRequest(null, Object(Config\Cache), false)
 5 FCPATH\index.php(68): CodeIgniter\CodeIgniter->run()
CRITICAL - 2023-02-07 19:27:00 --> Call to undefined method CodeIgniter\Database\MySQLi\Connection::where()
in APPPATH\Models\EmployeeModel.php on line 34.
 1 APPPATH\Controllers\Employee.php(125): App\Models\EmployeeModel->getEmployeeData('6')
 2 SYSTEMPATH\CodeIgniter.php(927): App\Controllers\Employee->edit('6')
 3 SYSTEMPATH\CodeIgniter.php(482): CodeIgniter\CodeIgniter->runController(Object(App\Controllers\Employee))
 4 SYSTEMPATH\CodeIgniter.php(351): CodeIgniter\CodeIgniter->handleRequest(null, Object(Config\Cache), false)
 5 FCPATH\index.php(68): CodeIgniter\CodeIgniter->run()
CRITICAL - 2023-02-07 19:27:51 --> Call to undefined method CodeIgniter\Database\MySQLi\Connection::where()
in APPPATH\Models\EmployeeModel.php on line 34.
 1 APPPATH\Controllers\Employee.php(125): App\Models\EmployeeModel->getEmployeeData('6')
 2 SYSTEMPATH\CodeIgniter.php(927): App\Controllers\Employee->edit('6')
 3 SYSTEMPATH\CodeIgniter.php(482): CodeIgniter\CodeIgniter->runController(Object(App\Controllers\Employee))
 4 SYSTEMPATH\CodeIgniter.php(351): CodeIgniter\CodeIgniter->handleRequest(null, Object(Config\Cache), false)
 5 FCPATH\index.php(68): CodeIgniter\CodeIgniter->run()
CRITICAL - 2023-02-07 19:29:11 --> Call to undefined method CodeIgniter\Database\MySQLi\Connection::where()
in APPPATH\Models\EmployeeModel.php on line 34.
 1 APPPATH\Controllers\Employee.php(125): App\Models\EmployeeModel->getEmployeeData('6')
 2 SYSTEMPATH\CodeIgniter.php(927): App\Controllers\Employee->edit('6')
 3 SYSTEMPATH\CodeIgniter.php(482): CodeIgniter\CodeIgniter->runController(Object(App\Controllers\Employee))
 4 SYSTEMPATH\CodeIgniter.php(351): CodeIgniter\CodeIgniter->handleRequest(null, Object(Config\Cache), false)
 5 FCPATH\index.php(68): CodeIgniter\CodeIgniter->run()
CRITICAL - 2023-02-07 19:29:12 --> Call to undefined method CodeIgniter\Database\MySQLi\Connection::where()
in APPPATH\Models\EmployeeModel.php on line 34.
 1 APPPATH\Controllers\Employee.php(125): App\Models\EmployeeModel->getEmployeeData('6')
 2 SYSTEMPATH\CodeIgniter.php(927): App\Controllers\Employee->edit('6')
 3 SYSTEMPATH\CodeIgniter.php(482): CodeIgniter\CodeIgniter->runController(Object(App\Controllers\Employee))
 4 SYSTEMPATH\CodeIgniter.php(351): CodeIgniter\CodeIgniter->handleRequest(null, Object(Config\Cache), false)
 5 FCPATH\index.php(68): CodeIgniter\CodeIgniter->run()
CRITICAL - 2023-02-07 19:29:12 --> Call to undefined method CodeIgniter\Database\MySQLi\Connection::where()
in APPPATH\Models\EmployeeModel.php on line 34.
 1 APPPATH\Controllers\Employee.php(125): App\Models\EmployeeModel->getEmployeeData('6')
 2 SYSTEMPATH\CodeIgniter.php(927): App\Controllers\Employee->edit('6')
 3 SYSTEMPATH\CodeIgniter.php(482): CodeIgniter\CodeIgniter->runController(Object(App\Controllers\Employee))
 4 SYSTEMPATH\CodeIgniter.php(351): CodeIgniter\CodeIgniter->handleRequest(null, Object(Config\Cache), false)
 5 FCPATH\index.php(68): CodeIgniter\CodeIgniter->run()
CRITICAL - 2023-02-07 19:29:13 --> Call to undefined method CodeIgniter\Database\MySQLi\Connection::where()
in APPPATH\Models\EmployeeModel.php on line 34.
 1 APPPATH\Controllers\Employee.php(125): App\Models\EmployeeModel->getEmployeeData('6')
 2 SYSTEMPATH\CodeIgniter.php(927): App\Controllers\Employee->edit('6')
 3 SYSTEMPATH\CodeIgniter.php(482): CodeIgniter\CodeIgniter->runController(Object(App\Controllers\Employee))
 4 SYSTEMPATH\CodeIgniter.php(351): CodeIgniter\CodeIgniter->handleRequest(null, Object(Config\Cache), false)
 5 FCPATH\index.php(68): CodeIgniter\CodeIgniter->run()
CRITICAL - 2023-02-07 19:29:22 --> Class "App\Models\Model" not found
in APPPATH\Models\EmployeeModel.php on line 7.
 1 SYSTEMPATH\Autoloader\Autoloader.php(282): include_once()
 2 SYSTEMPATH\Autoloader\Autoloader.php(259): CodeIgniter\Autoloader\Autoloader->includeFile('APPPATH\\Models\\EmployeeModel.php')
 3 SYSTEMPATH\Autoloader\Autoloader.php(237): CodeIgniter\Autoloader\Autoloader->loadInNamespace('App\\Models\\EmployeeModel')
 4 APPPATH\Controllers\Employee.php(121): CodeIgniter\Autoloader\Autoloader->loadClass('App\\Models\\EmployeeModel')
 5 SYSTEMPATH\CodeIgniter.php(927): App\Controllers\Employee->edit('6')
 6 SYSTEMPATH\CodeIgniter.php(482): CodeIgniter\CodeIgniter->runController(Object(App\Controllers\Employee))
 7 SYSTEMPATH\CodeIgniter.php(351): CodeIgniter\CodeIgniter->handleRequest(null, Object(Config\Cache), false)
 8 FCPATH\index.php(68): CodeIgniter\CodeIgniter->run()
CRITICAL - 2023-02-07 19:29:32 --> Call to undefined method CodeIgniter\Database\MySQLi\Connection::where()
in APPPATH\Models\EmployeeModel.php on line 35.
 1 APPPATH\Controllers\Employee.php(125): App\Models\EmployeeModel->getEmployeeData('6')
 2 SYSTEMPATH\CodeIgniter.php(927): App\Controllers\Employee->edit('6')
 3 SYSTEMPATH\CodeIgniter.php(482): CodeIgniter\CodeIgniter->runController(Object(App\Controllers\Employee))
 4 SYSTEMPATH\CodeIgniter.php(351): CodeIgniter\CodeIgniter->handleRequest(null, Object(Config\Cache), false)
 5 FCPATH\index.php(68): CodeIgniter\CodeIgniter->run()
CRITICAL - 2023-02-07 19:29:33 --> Call to undefined method CodeIgniter\Database\MySQLi\Connection::where()
in APPPATH\Models\EmployeeModel.php on line 35.
 1 APPPATH\Controllers\Employee.php(125): App\Models\EmployeeModel->getEmployeeData('6')
 2 SYSTEMPATH\CodeIgniter.php(927): App\Controllers\Employee->edit('6')
 3 SYSTEMPATH\CodeIgniter.php(482): CodeIgniter\CodeIgniter->runController(Object(App\Controllers\Employee))
 4 SYSTEMPATH\CodeIgniter.php(351): CodeIgniter\CodeIgniter->handleRequest(null, Object(Config\Cache), false)
 5 FCPATH\index.php(68): CodeIgniter\CodeIgniter->run()
CRITICAL - 2023-02-07 19:29:33 --> Call to undefined method CodeIgniter\Database\MySQLi\Connection::where()
in APPPATH\Models\EmployeeModel.php on line 35.
 1 APPPATH\Controllers\Employee.php(125): App\Models\EmployeeModel->getEmployeeData('6')
 2 SYSTEMPATH\CodeIgniter.php(927): App\Controllers\Employee->edit('6')
 3 SYSTEMPATH\CodeIgniter.php(482): CodeIgniter\CodeIgniter->runController(Object(App\Controllers\Employee))
 4 SYSTEMPATH\CodeIgniter.php(351): CodeIgniter\CodeIgniter->handleRequest(null, Object(Config\Cache), false)
 5 FCPATH\index.php(68): CodeIgniter\CodeIgniter->run()
CRITICAL - 2023-02-07 19:29:33 --> Call to undefined method CodeIgniter\Database\MySQLi\Connection::where()
in APPPATH\Models\EmployeeModel.php on line 35.
 1 APPPATH\Controllers\Employee.php(125): App\Models\EmployeeModel->getEmployeeData('6')
 2 SYSTEMPATH\CodeIgniter.php(927): App\Controllers\Employee->edit('6')
 3 SYSTEMPATH\CodeIgniter.php(482): CodeIgniter\CodeIgniter->runController(Object(App\Controllers\Employee))
 4 SYSTEMPATH\CodeIgniter.php(351): CodeIgniter\CodeIgniter->handleRequest(null, Object(Config\Cache), false)
 5 FCPATH\index.php(68): CodeIgniter\CodeIgniter->run()
CRITICAL - 2023-02-07 19:29:33 --> Call to undefined method CodeIgniter\Database\MySQLi\Connection::where()
in APPPATH\Models\EmployeeModel.php on line 35.
 1 APPPATH\Controllers\Employee.php(125): App\Models\EmployeeModel->getEmployeeData('6')
 2 SYSTEMPATH\CodeIgniter.php(927): App\Controllers\Employee->edit('6')
 3 SYSTEMPATH\CodeIgniter.php(482): CodeIgniter\CodeIgniter->runController(Object(App\Controllers\Employee))
 4 SYSTEMPATH\CodeIgniter.php(351): CodeIgniter\CodeIgniter->handleRequest(null, Object(Config\Cache), false)
 5 FCPATH\index.php(68): CodeIgniter\CodeIgniter->run()
CRITICAL - 2023-02-07 19:29:33 --> Call to undefined method CodeIgniter\Database\MySQLi\Connection::where()
in APPPATH\Models\EmployeeModel.php on line 35.
 1 APPPATH\Controllers\Employee.php(125): App\Models\EmployeeModel->getEmployeeData('6')
 2 SYSTEMPATH\CodeIgniter.php(927): App\Controllers\Employee->edit('6')
 3 SYSTEMPATH\CodeIgniter.php(482): CodeIgniter\CodeIgniter->runController(Object(App\Controllers\Employee))
 4 SYSTEMPATH\CodeIgniter.php(351): CodeIgniter\CodeIgniter->handleRequest(null, Object(Config\Cache), false)
 5 FCPATH\index.php(68): CodeIgniter\CodeIgniter->run()
CRITICAL - 2023-02-07 19:38:57 --> Unclosed '{' on line 8
in APPPATH\Models\EmployeeModel.php on line 38.
 1 SYSTEMPATH\Autoloader\Autoloader.php(259): CodeIgniter\Autoloader\Autoloader->includeFile('APPPATH\\Models\\EmployeeModel.php')
 2 SYSTEMPATH\Autoloader\Autoloader.php(237): CodeIgniter\Autoloader\Autoloader->loadInNamespace('App\\Models\\EmployeeModel')
 3 APPPATH\Controllers\Employee.php(53): CodeIgniter\Autoloader\Autoloader->loadClass('App\\Models\\EmployeeModel')
 4 SYSTEMPATH\CodeIgniter.php(927): App\Controllers\Employee->getEmployee()
 5 SYSTEMPATH\CodeIgniter.php(482): CodeIgniter\CodeIgniter->runController(Object(App\Controllers\Employee))
 6 SYSTEMPATH\CodeIgniter.php(351): CodeIgniter\CodeIgniter->handleRequest(null, Object(Config\Cache), false)
 7 FCPATH\index.php(68): CodeIgniter\CodeIgniter->run()
CRITICAL - 2023-02-07 19:39:02 --> Unclosed '{' on line 8
in APPPATH\Models\EmployeeModel.php on line 38.
 1 SYSTEMPATH\Autoloader\Autoloader.php(259): CodeIgniter\Autoloader\Autoloader->includeFile('APPPATH\\Models\\EmployeeModel.php')
 2 SYSTEMPATH\Autoloader\Autoloader.php(237): CodeIgniter\Autoloader\Autoloader->loadInNamespace('App\\Models\\EmployeeModel')
 3 APPPATH\Controllers\Employee.php(121): CodeIgniter\Autoloader\Autoloader->loadClass('App\\Models\\EmployeeModel')
 4 SYSTEMPATH\CodeIgniter.php(927): App\Controllers\Employee->edit('6')
 5 SYSTEMPATH\CodeIgniter.php(482): CodeIgniter\CodeIgniter->runController(Object(App\Controllers\Employee))
 6 SYSTEMPATH\CodeIgniter.php(351): CodeIgniter\CodeIgniter->handleRequest(null, Object(Config\Cache), false)
 7 FCPATH\index.php(68): CodeIgniter\CodeIgniter->run()
CRITICAL - 2023-02-07 19:39:16 --> CodeIgniter\Database\BaseResult::getFirstRow(): Argument #1 ($type) must be of type string, null given, called in C:\xampp\htdocs\hrm\system\Model.php on line 250
in SYSTEMPATH\Database\BaseResult.php on line 375.
 1 SYSTEMPATH\Model.php(250): CodeIgniter\Database\BaseResult->getFirstRow(null)
 2 SYSTEMPATH\BaseModel.php(623): CodeIgniter\Model->doFirst()
 3 APPPATH\Models\EmployeeModel.php(35): CodeIgniter\BaseModel->first()
 4 APPPATH\Controllers\Employee.php(125): App\Models\EmployeeModel->getEmployeeData('6')
 5 SYSTEMPATH\CodeIgniter.php(927): App\Controllers\Employee->edit('6')
 6 SYSTEMPATH\CodeIgniter.php(482): CodeIgniter\CodeIgniter->runController(Object(App\Controllers\Employee))
 7 SYSTEMPATH\CodeIgniter.php(351): CodeIgniter\CodeIgniter->handleRequest(null, Object(Config\Cache), false)
 8 FCPATH\index.php(68): CodeIgniter\CodeIgniter->run()
CRITICAL - 2023-02-07 19:39:18 --> CodeIgniter\Database\BaseResult::getResult(): Argument #1 ($type) must be of type string, null given, called in C:\xampp\htdocs\hrm\system\Model.php on line 224
in SYSTEMPATH\Database\BaseResult.php on line 96.
 1 SYSTEMPATH\Model.php(224): CodeIgniter\Database\BaseResult->getResult(null)
 2 SYSTEMPATH\BaseModel.php(585): CodeIgniter\Model->doFindAll(10, 0)
 3 APPPATH\Controllers\Employee.php(80): CodeIgniter\BaseModel->findAll(10, 0)
 4 SYSTEMPATH\CodeIgniter.php(927): App\Controllers\Employee->getEmployee()
 5 SYSTEMPATH\CodeIgniter.php(482): CodeIgniter\CodeIgniter->runController(Object(App\Controllers\Employee))
 6 SYSTEMPATH\CodeIgniter.php(351): CodeIgniter\CodeIgniter->handleRequest(null, Object(Config\Cache), false)
 7 FCPATH\index.php(68): CodeIgniter\CodeIgniter->run()
CRITICAL - 2023-02-07 19:47:55 --> Array to string conversion
in APPPATH\Controllers\Employee.php on line 125.
 1 APPPATH\Controllers\Employee.php(125): CodeIgniter\Debug\Exceptions->errorHandler(2, 'Array to string conversion', 'APPPATH\\Controllers\\Employee.php', 125)
 2 SYSTEMPATH\CodeIgniter.php(927): App\Controllers\Employee->edit('6')
 3 SYSTEMPATH\CodeIgniter.php(482): CodeIgniter\CodeIgniter->runController(Object(App\Controllers\Employee))
 4 SYSTEMPATH\CodeIgniter.php(351): CodeIgniter\CodeIgniter->handleRequest(null, Object(Config\Cache), false)
 5 FCPATH\index.php(68): CodeIgniter\CodeIgniter->run()
CRITICAL - 2023-02-07 19:48:03 --> Array to string conversion
in APPPATH\Controllers\Employee.php on line 125.
 1 APPPATH\Controllers\Employee.php(125): CodeIgniter\Debug\Exceptions->errorHandler(2, 'Array to string conversion', 'APPPATH\\Controllers\\Employee.php', 125)
 2 SYSTEMPATH\CodeIgniter.php(927): App\Controllers\Employee->edit('6')
 3 SYSTEMPATH\CodeIgniter.php(482): CodeIgniter\CodeIgniter->runController(Object(App\Controllers\Employee))
 4 SYSTEMPATH\CodeIgniter.php(351): CodeIgniter\CodeIgniter->handleRequest(null, Object(Config\Cache), false)
 5 FCPATH\index.php(68): CodeIgniter\CodeIgniter->run()
CRITICAL - 2023-02-07 19:48:58 --> Attempt to read property "firstname" on string
in APPPATH\Views\employee\edit.php on line 7.
 1 APPPATH\Views\employee\edit.php(7): CodeIgniter\Debug\Exceptions->errorHandler(2, 'Attempt to read property "firstname" on string', 'APPPATH\\Views\\employee\\edit.php', 7)
 2 SYSTEMPATH\View\View.php(213): include('APPPATH\\Views\\employee\\edit.php')
 3 SYSTEMPATH\View\View.php(216): CodeIgniter\View\View->CodeIgniter\View\{closure}()
 4 SYSTEMPATH\Common.php(1134): CodeIgniter\View\View->render('employee/edit', [], true)
 5 APPPATH\Controllers\Employee.php(126): view('employee/edit', [...])
 6 SYSTEMPATH\CodeIgniter.php(927): App\Controllers\Employee->edit('6')
 7 SYSTEMPATH\CodeIgniter.php(482): CodeIgniter\CodeIgniter->runController(Object(App\Controllers\Employee))
 8 SYSTEMPATH\CodeIgniter.php(351): CodeIgniter\CodeIgniter->handleRequest(null, Object(Config\Cache), false)
 9 FCPATH\index.php(68): CodeIgniter\CodeIgniter->run()
CRITICAL - 2023-02-07 19:49:25 --> Call to undefined method App\Models\EmployeeModel::result
in SYSTEMPATH\Model.php on line 774.
 1 APPPATH\Models\EmployeeModel.php(30): CodeIgniter\Model->__call('result', [])
 2 APPPATH\Controllers\Employee.php(122): App\Models\EmployeeModel->getEmployeeData('6')
 3 SYSTEMPATH\CodeIgniter.php(927): App\Controllers\Employee->edit('6')
 4 SYSTEMPATH\CodeIgniter.php(482): CodeIgniter\CodeIgniter->runController(Object(App\Controllers\Employee))
 5 SYSTEMPATH\CodeIgniter.php(351): CodeIgniter\CodeIgniter->handleRequest(null, Object(Config\Cache), false)
 6 FCPATH\index.php(68): CodeIgniter\CodeIgniter->run()
CRITICAL - 2023-02-07 19:49:37 --> Call to a member function result() on array
in APPPATH\Models\EmployeeModel.php on line 30.
 1 APPPATH\Controllers\Employee.php(122): App\Models\EmployeeModel->getEmployeeData('6')
 2 SYSTEMPATH\CodeIgniter.php(927): App\Controllers\Employee->edit('6')
 3 SYSTEMPATH\CodeIgniter.php(482): CodeIgniter\CodeIgniter->runController(Object(App\Controllers\Employee))
 4 SYSTEMPATH\CodeIgniter.php(351): CodeIgniter\CodeIgniter->handleRequest(null, Object(Config\Cache), false)
 5 FCPATH\index.php(68): CodeIgniter\CodeIgniter->run()
CRITICAL - 2023-02-07 19:49:42 --> Call to a member function result() on array
in APPPATH\Models\EmployeeModel.php on line 30.
 1 APPPATH\Controllers\Employee.php(122): App\Models\EmployeeModel->getEmployeeData('6')
 2 SYSTEMPATH\CodeIgniter.php(927): App\Controllers\Employee->edit('6')
 3 SYSTEMPATH\CodeIgniter.php(482): CodeIgniter\CodeIgniter->runController(Object(App\Controllers\Employee))
 4 SYSTEMPATH\CodeIgniter.php(351): CodeIgniter\CodeIgniter->handleRequest(null, Object(Config\Cache), false)
 5 FCPATH\index.php(68): CodeIgniter\CodeIgniter->run()
CRITICAL - 2023-02-07 19:53:01 --> Attempt to read property "id" on array
in APPPATH\Controllers\Employee.php on line 125.
 1 APPPATH\Controllers\Employee.php(125): CodeIgniter\Debug\Exceptions->errorHandler(2, 'Attempt to read property "id" on array', 'APPPATH\\Controllers\\Employee.php', 125)
 2 SYSTEMPATH\CodeIgniter.php(927): App\Controllers\Employee->edit('6')
 3 SYSTEMPATH\CodeIgniter.php(482): CodeIgniter\CodeIgniter->runController(Object(App\Controllers\Employee))
 4 SYSTEMPATH\CodeIgniter.php(351): CodeIgniter\CodeIgniter->handleRequest(null, Object(Config\Cache), false)
 5 FCPATH\index.php(68): CodeIgniter\CodeIgniter->run()
CRITICAL - 2023-02-07 19:53:09 --> Attempt to read property "id" on string
in APPPATH\Controllers\Employee.php on line 125.
 1 APPPATH\Controllers\Employee.php(125): CodeIgniter\Debug\Exceptions->errorHandler(2, 'Attempt to read property "id" on string', 'APPPATH\\Controllers\\Employee.php', 125)
 2 SYSTEMPATH\CodeIgniter.php(927): App\Controllers\Employee->edit('6')
 3 SYSTEMPATH\CodeIgniter.php(482): CodeIgniter\CodeIgniter->runController(Object(App\Controllers\Employee))
 4 SYSTEMPATH\CodeIgniter.php(351): CodeIgniter\CodeIgniter->handleRequest(null, Object(Config\Cache), false)
 5 FCPATH\index.php(68): CodeIgniter\CodeIgniter->run()
CRITICAL - 2023-02-07 19:53:12 --> Attempt to read property "id" on string
in APPPATH\Controllers\Employee.php on line 125.
 1 APPPATH\Controllers\Employee.php(125): CodeIgniter\Debug\Exceptions->errorHandler(2, 'Attempt to read property "id" on string', 'APPPATH\\Controllers\\Employee.php', 125)
 2 SYSTEMPATH\CodeIgniter.php(927): App\Controllers\Employee->edit('6')
 3 SYSTEMPATH\CodeIgniter.php(482): CodeIgniter\CodeIgniter->runController(Object(App\Controllers\Employee))
 4 SYSTEMPATH\CodeIgniter.php(351): CodeIgniter\CodeIgniter->handleRequest(null, Object(Config\Cache), false)
 5 FCPATH\index.php(68): CodeIgniter\CodeIgniter->run()
CRITICAL - 2023-02-07 19:53:12 --> Attempt to read property "id" on string
in APPPATH\Controllers\Employee.php on line 125.
 1 APPPATH\Controllers\Employee.php(125): CodeIgniter\Debug\Exceptions->errorHandler(2, 'Attempt to read property "id" on string', 'APPPATH\\Controllers\\Employee.php', 125)
 2 SYSTEMPATH\CodeIgniter.php(927): App\Controllers\Employee->edit('6')
 3 SYSTEMPATH\CodeIgniter.php(482): CodeIgniter\CodeIgniter->runController(Object(App\Controllers\Employee))
 4 SYSTEMPATH\CodeIgniter.php(351): CodeIgniter\CodeIgniter->handleRequest(null, Object(Config\Cache), false)
 5 FCPATH\index.php(68): CodeIgniter\CodeIgniter->run()
CRITICAL - 2023-02-07 19:53:12 --> Attempt to read property "id" on string
in APPPATH\Controllers\Employee.php on line 125.
 1 APPPATH\Controllers\Employee.php(125): CodeIgniter\Debug\Exceptions->errorHandler(2, 'Attempt to read property "id" on string', 'APPPATH\\Controllers\\Employee.php', 125)
 2 SYSTEMPATH\CodeIgniter.php(927): App\Controllers\Employee->edit('6')
 3 SYSTEMPATH\CodeIgniter.php(482): CodeIgniter\CodeIgniter->runController(Object(App\Controllers\Employee))
 4 SYSTEMPATH\CodeIgniter.php(351): CodeIgniter\CodeIgniter->handleRequest(null, Object(Config\Cache), false)
 5 FCPATH\index.php(68): CodeIgniter\CodeIgniter->run()
CRITICAL - 2023-02-07 19:53:13 --> Attempt to read property "id" on string
in APPPATH\Controllers\Employee.php on line 125.
 1 APPPATH\Controllers\Employee.php(125): CodeIgniter\Debug\Exceptions->errorHandler(2, 'Attempt to read property "id" on string', 'APPPATH\\Controllers\\Employee.php', 125)
 2 SYSTEMPATH\CodeIgniter.php(927): App\Controllers\Employee->edit('6')
 3 SYSTEMPATH\CodeIgniter.php(482): CodeIgniter\CodeIgniter->runController(Object(App\Controllers\Employee))
 4 SYSTEMPATH\CodeIgniter.php(351): CodeIgniter\CodeIgniter->handleRequest(null, Object(Config\Cache), false)
 5 FCPATH\index.php(68): CodeIgniter\CodeIgniter->run()
CRITICAL - 2023-02-07 19:53:13 --> Attempt to read property "id" on string
in APPPATH\Controllers\Employee.php on line 125.
 1 APPPATH\Controllers\Employee.php(125): CodeIgniter\Debug\Exceptions->errorHandler(2, 'Attempt to read property "id" on string', 'APPPATH\\Controllers\\Employee.php', 125)
 2 SYSTEMPATH\CodeIgniter.php(927): App\Controllers\Employee->edit('6')
 3 SYSTEMPATH\CodeIgniter.php(482): CodeIgniter\CodeIgniter->runController(Object(App\Controllers\Employee))
 4 SYSTEMPATH\CodeIgniter.php(351): CodeIgniter\CodeIgniter->handleRequest(null, Object(Config\Cache), false)
 5 FCPATH\index.php(68): CodeIgniter\CodeIgniter->run()
CRITICAL - 2023-02-07 19:53:13 --> Attempt to read property "id" on string
in APPPATH\Controllers\Employee.php on line 125.
 1 APPPATH\Controllers\Employee.php(125): CodeIgniter\Debug\Exceptions->errorHandler(2, 'Attempt to read property "id" on string', 'APPPATH\\Controllers\\Employee.php', 125)
 2 SYSTEMPATH\CodeIgniter.php(927): App\Controllers\Employee->edit('6')
 3 SYSTEMPATH\CodeIgniter.php(482): CodeIgniter\CodeIgniter->runController(Object(App\Controllers\Employee))
 4 SYSTEMPATH\CodeIgniter.php(351): CodeIgniter\CodeIgniter->handleRequest(null, Object(Config\Cache), false)
 5 FCPATH\index.php(68): CodeIgniter\CodeIgniter->run()
CRITICAL - 2023-02-07 19:53:20 --> Cannot access offset of type string on string
in APPPATH\Controllers\Employee.php on line 125.
 1 SYSTEMPATH\CodeIgniter.php(927): App\Controllers\Employee->edit('6')
 2 SYSTEMPATH\CodeIgniter.php(482): CodeIgniter\CodeIgniter->runController(Object(App\Controllers\Employee))
 3 SYSTEMPATH\CodeIgniter.php(351): CodeIgniter\CodeIgniter->handleRequest(null, Object(Config\Cache), false)
 4 FCPATH\index.php(68): CodeIgniter\CodeIgniter->run()
CRITICAL - 2023-02-07 19:55:12 --> Attempt to read property "id" on array
in APPPATH\Views\employee\edit.php on line 8.
 1 APPPATH\Views\employee\edit.php(8): CodeIgniter\Debug\Exceptions->errorHandler(2, 'Attempt to read property "id" on array', 'APPPATH\\Views\\employee\\edit.php', 8)
 2 SYSTEMPATH\View\View.php(213): include('APPPATH\\Views\\employee\\edit.php')
 3 SYSTEMPATH\View\View.php(216): CodeIgniter\View\View->CodeIgniter\View\{closure}()
 4 SYSTEMPATH\Common.php(1134): CodeIgniter\View\View->render('employee/edit', [], true)
 5 APPPATH\Controllers\Employee.php(127): view('employee/edit', [...])
 6 SYSTEMPATH\CodeIgniter.php(927): App\Controllers\Employee->edit('6')
 7 SYSTEMPATH\CodeIgniter.php(482): CodeIgniter\CodeIgniter->runController(Object(App\Controllers\Employee))
 8 SYSTEMPATH\CodeIgniter.php(351): CodeIgniter\CodeIgniter->handleRequest(null, Object(Config\Cache), false)
 9 FCPATH\index.php(68): CodeIgniter\CodeIgniter->run()
CRITICAL - 2023-02-07 19:55:40 --> Attempt to read property "firstname" on array
in APPPATH\Controllers\Employee.php on line 124.
 1 APPPATH\Controllers\Employee.php(124): CodeIgniter\Debug\Exceptions->errorHandler(2, 'Attempt to read property "firstname" on array', 'APPPATH\\Controllers\\Employee.php', 124)
 2 SYSTEMPATH\CodeIgniter.php(927): App\Controllers\Employee->edit('6')
 3 SYSTEMPATH\CodeIgniter.php(482): CodeIgniter\CodeIgniter->runController(Object(App\Controllers\Employee))
 4 SYSTEMPATH\CodeIgniter.php(351): CodeIgniter\CodeIgniter->handleRequest(null, Object(Config\Cache), false)
 5 FCPATH\index.php(68): CodeIgniter\CodeIgniter->run()
CRITICAL - 2023-02-07 21:38:27 --> Undefined array key "middle_name"
in APPPATH\Views\employee\edit.php on line 65.
 1 APPPATH\Views\employee\edit.php(65): CodeIgniter\Debug\Exceptions->errorHandler(2, 'Undefined array key "middle_name"', 'APPPATH\\Views\\employee\\edit.php', 65)
 2 SYSTEMPATH\View\View.php(213): include('APPPATH\\Views\\employee\\edit.php')
 3 SYSTEMPATH\View\View.php(216): CodeIgniter\View\View->CodeIgniter\View\{closure}()
 4 SYSTEMPATH\Common.php(1134): CodeIgniter\View\View->render('employee/edit', [], true)
 5 APPPATH\Controllers\Employee.php(129): view('employee/edit', [...])
 6 SYSTEMPATH\CodeIgniter.php(927): App\Controllers\Employee->edit('6')
 7 SYSTEMPATH\CodeIgniter.php(482): CodeIgniter\CodeIgniter->runController(Object(App\Controllers\Employee))
 8 SYSTEMPATH\CodeIgniter.php(351): CodeIgniter\CodeIgniter->handleRequest(null, Object(Config\Cache), false)
 9 FCPATH\index.php(68): CodeIgniter\CodeIgniter->run()
