ERROR - 2022-12-15 18:06:53 --> mysqli_sql_exception: Unknown column 'lastname' in 'field list' in C:\xampp\htdocs\jccm\system\Database\MySQLi\Connection.php:292
Stack trace:
#0 C:\xampp\htdocs\jccm\system\Database\MySQLi\Connection.php(292): mysqli->query('SELECT `id`, `f...', 0)
#1 C:\xampp\htdocs\jccm\system\Database\BaseConnection.php(666): CodeIgniter\Database\MySQLi\Connection->execute('SELECT `id`, `f...')
#2 C:\xampp\htdocs\jccm\system\Database\BaseConnection.php(593): CodeIgniter\Database\BaseConnection->simpleQuery('SELECT `id`, `f...')
#3 C:\xampp\htdocs\jccm\system\Database\BaseBuilder.php(1585): CodeIgniter\Database\BaseConnection->query('SELECT `id`, `f...', Array, false)
#4 C:\xampp\htdocs\jccm\system\Model.php(772): CodeIgniter\Database\BaseBuilder->get()
#5 C:\xampp\htdocs\jccm\app\Models\MemberModel.php(23): CodeIgniter\Model->__call('get', Array)
#6 C:\xampp\htdocs\jccm\app\Controllers\Churchmember.php(60): App\Models\MemberModel->getAllCellLeader()
#7 C:\xampp\htdocs\jccm\system\CodeIgniter.php(927): App\Controllers\Churchmember->ajaxCellLeaderList()
#8 C:\xampp\htdocs\jccm\system\CodeIgniter.php(482): CodeIgniter\CodeIgniter->runController(Object(App\Controllers\Churchmember))
#9 C:\xampp\htdocs\jccm\system\CodeIgniter.php(351): CodeIgniter\CodeIgniter->handleRequest(NULL, Object(Config\Cache), false)
#10 C:\xampp\htdocs\jccm\index.php(68): CodeIgniter\CodeIgniter->run()
#11 {main}
CRITICAL - 2022-12-15 18:06:53 --> Unknown column 'lastname' in 'field list'
in SYSTEMPATH\Database\MySQLi\Connection.php on line 292.
 1 SYSTEMPATH\Database\MySQLi\Connection.php(292): mysqli->query('SELECT `id`, `firstname`, `lastname`
FROM `member_info`
WHERE `if_cell_leader` = 1', 0)
 2 SYSTEMPATH\Database\BaseConnection.php(666): CodeIgniter\Database\MySQLi\Connection->execute('SELECT `id`, `firstname`, `lastname`
FROM `member_info`
WHERE `if_cell_leader` = 1')
 3 SYSTEMPATH\Database\BaseConnection.php(593): CodeIgniter\Database\BaseConnection->simpleQuery('SELECT `id`, `firstname`, `lastname`
FROM `member_info`
WHERE `if_cell_leader` = 1')
 4 SYSTEMPATH\Database\BaseBuilder.php(1585): CodeIgniter\Database\BaseConnection->query('SELECT `id`, `firstname`, `lastname`
FROM `member_info`
WHERE `if_cell_leader` = :if_cell_leader:', [...], false)
 5 SYSTEMPATH\Model.php(772): CodeIgniter\Database\BaseBuilder->get()
 6 APPPATH\Models\MemberModel.php(23): CodeIgniter\Model->__call('get', [])
 7 APPPATH\Controllers\Churchmember.php(60): App\Models\MemberModel->getAllCellLeader()
 8 SYSTEMPATH\CodeIgniter.php(927): App\Controllers\Churchmember->ajaxCellLeaderList()
 9 SYSTEMPATH\CodeIgniter.php(482): CodeIgniter\CodeIgniter->runController(Object(App\Controllers\Churchmember))
10 SYSTEMPATH\CodeIgniter.php(351): CodeIgniter\CodeIgniter->handleRequest(null, Object(Config\Cache), false)
11 FCPATH\index.php(68): CodeIgniter\CodeIgniter->run()
ERROR - 2022-12-15 18:08:40 --> mysqli_sql_exception: Unknown column 'lastname' in 'field list' in C:\xampp\htdocs\jccm\system\Database\MySQLi\Connection.php:292
Stack trace:
#0 C:\xampp\htdocs\jccm\system\Database\MySQLi\Connection.php(292): mysqli->query('SELECT `id`, `f...', 0)
#1 C:\xampp\htdocs\jccm\system\Database\BaseConnection.php(666): CodeIgniter\Database\MySQLi\Connection->execute('SELECT `id`, `f...')
#2 C:\xampp\htdocs\jccm\system\Database\BaseConnection.php(593): CodeIgniter\Database\BaseConnection->simpleQuery('SELECT `id`, `f...')
#3 C:\xampp\htdocs\jccm\system\Database\BaseBuilder.php(1585): CodeIgniter\Database\BaseConnection->query('SELECT `id`, `f...', Array, false)
#4 C:\xampp\htdocs\jccm\system\Model.php(772): CodeIgniter\Database\BaseBuilder->get()
#5 C:\xampp\htdocs\jccm\app\Models\MemberModel.php(23): CodeIgniter\Model->__call('get', Array)
#6 C:\xampp\htdocs\jccm\app\Controllers\Churchmember.php(60): App\Models\MemberModel->getAllCellLeader()
#7 C:\xampp\htdocs\jccm\system\CodeIgniter.php(927): App\Controllers\Churchmember->ajaxCellLeaderList()
#8 C:\xampp\htdocs\jccm\system\CodeIgniter.php(482): CodeIgniter\CodeIgniter->runController(Object(App\Controllers\Churchmember))
#9 C:\xampp\htdocs\jccm\system\CodeIgniter.php(351): CodeIgniter\CodeIgniter->handleRequest(NULL, Object(Config\Cache), false)
#10 C:\xampp\htdocs\jccm\index.php(68): CodeIgniter\CodeIgniter->run()
#11 {main}
CRITICAL - 2022-12-15 18:08:40 --> Unknown column 'lastname' in 'field list'
in SYSTEMPATH\Database\MySQLi\Connection.php on line 292.
 1 SYSTEMPATH\Database\MySQLi\Connection.php(292): mysqli->query('SELECT `id`, `firstname`, `lastname`
FROM `member_info`
WHERE `if_cell_leader` = 1', 0)
 2 SYSTEMPATH\Database\BaseConnection.php(666): CodeIgniter\Database\MySQLi\Connection->execute('SELECT `id`, `firstname`, `lastname`
FROM `member_info`
WHERE `if_cell_leader` = 1')
 3 SYSTEMPATH\Database\BaseConnection.php(593): CodeIgniter\Database\BaseConnection->simpleQuery('SELECT `id`, `firstname`, `lastname`
FROM `member_info`
WHERE `if_cell_leader` = 1')
 4 SYSTEMPATH\Database\BaseBuilder.php(1585): CodeIgniter\Database\BaseConnection->query('SELECT `id`, `firstname`, `lastname`
FROM `member_info`
WHERE `if_cell_leader` = :if_cell_leader:', [...], false)
 5 SYSTEMPATH\Model.php(772): CodeIgniter\Database\BaseBuilder->get()
 6 APPPATH\Models\MemberModel.php(23): CodeIgniter\Model->__call('get', [])
 7 APPPATH\Controllers\Churchmember.php(60): App\Models\MemberModel->getAllCellLeader()
 8 SYSTEMPATH\CodeIgniter.php(927): App\Controllers\Churchmember->ajaxCellLeaderList()
 9 SYSTEMPATH\CodeIgniter.php(482): CodeIgniter\CodeIgniter->runController(Object(App\Controllers\Churchmember))
10 SYSTEMPATH\CodeIgniter.php(351): CodeIgniter\CodeIgniter->handleRequest(null, Object(Config\Cache), false)
11 FCPATH\index.php(68): CodeIgniter\CodeIgniter->run()
ERROR - 2022-12-15 18:09:37 --> mysqli_sql_exception: Unknown column 'lastname' in 'field list' in C:\xampp\htdocs\jccm\system\Database\MySQLi\Connection.php:292
Stack trace:
#0 C:\xampp\htdocs\jccm\system\Database\MySQLi\Connection.php(292): mysqli->query('SELECT `id`, `f...', 0)
#1 C:\xampp\htdocs\jccm\system\Database\BaseConnection.php(666): CodeIgniter\Database\MySQLi\Connection->execute('SELECT `id`, `f...')
#2 C:\xampp\htdocs\jccm\system\Database\BaseConnection.php(593): CodeIgniter\Database\BaseConnection->simpleQuery('SELECT `id`, `f...')
#3 C:\xampp\htdocs\jccm\system\Database\BaseBuilder.php(1585): CodeIgniter\Database\BaseConnection->query('SELECT `id`, `f...', Array, false)
#4 C:\xampp\htdocs\jccm\system\Model.php(772): CodeIgniter\Database\BaseBuilder->get()
#5 C:\xampp\htdocs\jccm\app\Controllers\Churchmember.php(62): CodeIgniter\Model->__call('get', Array)
#6 C:\xampp\htdocs\jccm\system\CodeIgniter.php(927): App\Controllers\Churchmember->ajaxCellLeaderList()
#7 C:\xampp\htdocs\jccm\system\CodeIgniter.php(482): CodeIgniter\CodeIgniter->runController(Object(App\Controllers\Churchmember))
#8 C:\xampp\htdocs\jccm\system\CodeIgniter.php(351): CodeIgniter\CodeIgniter->handleRequest(NULL, Object(Config\Cache), false)
#9 C:\xampp\htdocs\jccm\index.php(68): CodeIgniter\CodeIgniter->run()
#10 {main}
CRITICAL - 2022-12-15 18:09:37 --> Unknown column 'lastname' in 'field list'
in SYSTEMPATH\Database\MySQLi\Connection.php on line 292.
 1 SYSTEMPATH\Database\MySQLi\Connection.php(292): mysqli->query('SELECT `id`, `firstname`, `lastname`
FROM `member_info`
WHERE `if_cell_leader` = 1', 0)
 2 SYSTEMPATH\Database\BaseConnection.php(666): CodeIgniter\Database\MySQLi\Connection->execute('SELECT `id`, `firstname`, `lastname`
FROM `member_info`
WHERE `if_cell_leader` = 1')
 3 SYSTEMPATH\Database\BaseConnection.php(593): CodeIgniter\Database\BaseConnection->simpleQuery('SELECT `id`, `firstname`, `lastname`
FROM `member_info`
WHERE `if_cell_leader` = 1')
 4 SYSTEMPATH\Database\BaseBuilder.php(1585): CodeIgniter\Database\BaseConnection->query('SELECT `id`, `firstname`, `lastname`
FROM `member_info`
WHERE `if_cell_leader` = :if_cell_leader:', [...], false)
 5 SYSTEMPATH\Model.php(772): CodeIgniter\Database\BaseBuilder->get()
 6 APPPATH\Controllers\Churchmember.php(62): CodeIgniter\Model->__call('get', [])
 7 SYSTEMPATH\CodeIgniter.php(927): App\Controllers\Churchmember->ajaxCellLeaderList()
 8 SYSTEMPATH\CodeIgniter.php(482): CodeIgniter\CodeIgniter->runController(Object(App\Controllers\Churchmember))
 9 SYSTEMPATH\CodeIgniter.php(351): CodeIgniter\CodeIgniter->handleRequest(null, Object(Config\Cache), false)
10 FCPATH\index.php(68): CodeIgniter\CodeIgniter->run()
ERROR - 2022-12-15 18:11:49 --> mysqli_sql_exception: Unknown column 'lastname' in 'field list' in C:\xampp\htdocs\jccm\system\Database\MySQLi\Connection.php:292
Stack trace:
#0 C:\xampp\htdocs\jccm\system\Database\MySQLi\Connection.php(292): mysqli->query('SELECT `id`, `f...', 0)
#1 C:\xampp\htdocs\jccm\system\Database\BaseConnection.php(666): CodeIgniter\Database\MySQLi\Connection->execute('SELECT `id`, `f...')
#2 C:\xampp\htdocs\jccm\system\Database\BaseConnection.php(593): CodeIgniter\Database\BaseConnection->simpleQuery('SELECT `id`, `f...')
#3 C:\xampp\htdocs\jccm\system\Database\BaseBuilder.php(1585): CodeIgniter\Database\BaseConnection->query('SELECT `id`, `f...', Array, false)
#4 C:\xampp\htdocs\jccm\system\Model.php(772): CodeIgniter\Database\BaseBuilder->get()
#5 C:\xampp\htdocs\jccm\app\Controllers\Churchmember.php(63): CodeIgniter\Model->__call('get', Array)
#6 C:\xampp\htdocs\jccm\system\CodeIgniter.php(927): App\Controllers\Churchmember->ajaxCellLeaderList()
#7 C:\xampp\htdocs\jccm\system\CodeIgniter.php(482): CodeIgniter\CodeIgniter->runController(Object(App\Controllers\Churchmember))
#8 C:\xampp\htdocs\jccm\system\CodeIgniter.php(351): CodeIgniter\CodeIgniter->handleRequest(NULL, Object(Config\Cache), false)
#9 C:\xampp\htdocs\jccm\index.php(68): CodeIgniter\CodeIgniter->run()
#10 {main}
CRITICAL - 2022-12-15 18:11:49 --> Unknown column 'lastname' in 'field list'
in SYSTEMPATH\Database\MySQLi\Connection.php on line 292.
 1 SYSTEMPATH\Database\MySQLi\Connection.php(292): mysqli->query('SELECT `id`, `firstname`, `lastname`
FROM `member_info`
WHERE `if_cell_leader` = 1', 0)
 2 SYSTEMPATH\Database\BaseConnection.php(666): CodeIgniter\Database\MySQLi\Connection->execute('SELECT `id`, `firstname`, `lastname`
FROM `member_info`
WHERE `if_cell_leader` = 1')
 3 SYSTEMPATH\Database\BaseConnection.php(593): CodeIgniter\Database\BaseConnection->simpleQuery('SELECT `id`, `firstname`, `lastname`
FROM `member_info`
WHERE `if_cell_leader` = 1')
 4 SYSTEMPATH\Database\BaseBuilder.php(1585): CodeIgniter\Database\BaseConnection->query('SELECT `id`, `firstname`, `lastname`
FROM `member_info`
WHERE `if_cell_leader` = :if_cell_leader:', [...], false)
 5 SYSTEMPATH\Model.php(772): CodeIgniter\Database\BaseBuilder->get()
 6 APPPATH\Controllers\Churchmember.php(63): CodeIgniter\Model->__call('get', [])
 7 SYSTEMPATH\CodeIgniter.php(927): App\Controllers\Churchmember->ajaxCellLeaderList()
 8 SYSTEMPATH\CodeIgniter.php(482): CodeIgniter\CodeIgniter->runController(Object(App\Controllers\Churchmember))
 9 SYSTEMPATH\CodeIgniter.php(351): CodeIgniter\CodeIgniter->handleRequest(null, Object(Config\Cache), false)
10 FCPATH\index.php(68): CodeIgniter\CodeIgniter->run()
ERROR - 2022-12-15 18:16:15 --> mysqli_sql_exception: Unknown column 'lastname' in 'field list' in C:\xampp\htdocs\jccm\system\Database\MySQLi\Connection.php:292
Stack trace:
#0 C:\xampp\htdocs\jccm\system\Database\MySQLi\Connection.php(292): mysqli->query('SELECT `id`, `f...', 0)
#1 C:\xampp\htdocs\jccm\system\Database\BaseConnection.php(666): CodeIgniter\Database\MySQLi\Connection->execute('SELECT `id`, `f...')
#2 C:\xampp\htdocs\jccm\system\Database\BaseConnection.php(593): CodeIgniter\Database\BaseConnection->simpleQuery('SELECT `id`, `f...')
#3 C:\xampp\htdocs\jccm\system\Database\BaseBuilder.php(1585): CodeIgniter\Database\BaseConnection->query('SELECT `id`, `f...', Array, false)
#4 C:\xampp\htdocs\jccm\system\Model.php(772): CodeIgniter\Database\BaseBuilder->get()
#5 C:\xampp\htdocs\jccm\app\Controllers\Churchmember.php(64): CodeIgniter\Model->__call('get', Array)
#6 C:\xampp\htdocs\jccm\system\CodeIgniter.php(927): App\Controllers\Churchmember->ajaxCellLeaderList()
#7 C:\xampp\htdocs\jccm\system\CodeIgniter.php(482): CodeIgniter\CodeIgniter->runController(Object(App\Controllers\Churchmember))
#8 C:\xampp\htdocs\jccm\system\CodeIgniter.php(351): CodeIgniter\CodeIgniter->handleRequest(NULL, Object(Config\Cache), false)
#9 C:\xampp\htdocs\jccm\index.php(68): CodeIgniter\CodeIgniter->run()
#10 {main}
CRITICAL - 2022-12-15 18:16:15 --> Unknown column 'lastname' in 'field list'
in SYSTEMPATH\Database\MySQLi\Connection.php on line 292.
 1 SYSTEMPATH\Database\MySQLi\Connection.php(292): mysqli->query('SELECT `id`, `firstname`, `lastname`
FROM `member_info`
WHERE `if_cell_leader` = 1', 0)
 2 SYSTEMPATH\Database\BaseConnection.php(666): CodeIgniter\Database\MySQLi\Connection->execute('SELECT `id`, `firstname`, `lastname`
FROM `member_info`
WHERE `if_cell_leader` = 1')
 3 SYSTEMPATH\Database\BaseConnection.php(593): CodeIgniter\Database\BaseConnection->simpleQuery('SELECT `id`, `firstname`, `lastname`
FROM `member_info`
WHERE `if_cell_leader` = 1')
 4 SYSTEMPATH\Database\BaseBuilder.php(1585): CodeIgniter\Database\BaseConnection->query('SELECT `id`, `firstname`, `lastname`
FROM `member_info`
WHERE `if_cell_leader` = :if_cell_leader:', [...], false)
 5 SYSTEMPATH\Model.php(772): CodeIgniter\Database\BaseBuilder->get()
 6 APPPATH\Controllers\Churchmember.php(64): CodeIgniter\Model->__call('get', [])
 7 SYSTEMPATH\CodeIgniter.php(927): App\Controllers\Churchmember->ajaxCellLeaderList()
 8 SYSTEMPATH\CodeIgniter.php(482): CodeIgniter\CodeIgniter->runController(Object(App\Controllers\Churchmember))
 9 SYSTEMPATH\CodeIgniter.php(351): CodeIgniter\CodeIgniter->handleRequest(null, Object(Config\Cache), false)
10 FCPATH\index.php(68): CodeIgniter\CodeIgniter->run()
ERROR - 2022-12-15 18:16:24 --> mysqli_sql_exception: Unknown column 'lastname' in 'field list' in C:\xampp\htdocs\jccm\system\Database\MySQLi\Connection.php:292
Stack trace:
#0 C:\xampp\htdocs\jccm\system\Database\MySQLi\Connection.php(292): mysqli->query('SELECT `id`, `f...', 0)
#1 C:\xampp\htdocs\jccm\system\Database\BaseConnection.php(666): CodeIgniter\Database\MySQLi\Connection->execute('SELECT `id`, `f...')
#2 C:\xampp\htdocs\jccm\system\Database\BaseConnection.php(593): CodeIgniter\Database\BaseConnection->simpleQuery('SELECT `id`, `f...')
#3 C:\xampp\htdocs\jccm\system\Database\BaseBuilder.php(1585): CodeIgniter\Database\BaseConnection->query('SELECT `id`, `f...', Array, false)
#4 C:\xampp\htdocs\jccm\system\Model.php(772): CodeIgniter\Database\BaseBuilder->get()
#5 C:\xampp\htdocs\jccm\app\Controllers\Churchmember.php(63): CodeIgniter\Model->__call('get', Array)
#6 C:\xampp\htdocs\jccm\system\CodeIgniter.php(927): App\Controllers\Churchmember->ajaxCellLeaderList()
#7 C:\xampp\htdocs\jccm\system\CodeIgniter.php(482): CodeIgniter\CodeIgniter->runController(Object(App\Controllers\Churchmember))
#8 C:\xampp\htdocs\jccm\system\CodeIgniter.php(351): CodeIgniter\CodeIgniter->handleRequest(NULL, Object(Config\Cache), false)
#9 C:\xampp\htdocs\jccm\index.php(68): CodeIgniter\CodeIgniter->run()
#10 {main}
CRITICAL - 2022-12-15 18:16:24 --> Unknown column 'lastname' in 'field list'
in SYSTEMPATH\Database\MySQLi\Connection.php on line 292.
 1 SYSTEMPATH\Database\MySQLi\Connection.php(292): mysqli->query('SELECT `id`, `firstname`, `lastname`
FROM `member_info`
WHERE `if_cell_leader` = 1', 0)
 2 SYSTEMPATH\Database\BaseConnection.php(666): CodeIgniter\Database\MySQLi\Connection->execute('SELECT `id`, `firstname`, `lastname`
FROM `member_info`
WHERE `if_cell_leader` = 1')
 3 SYSTEMPATH\Database\BaseConnection.php(593): CodeIgniter\Database\BaseConnection->simpleQuery('SELECT `id`, `firstname`, `lastname`
FROM `member_info`
WHERE `if_cell_leader` = 1')
 4 SYSTEMPATH\Database\BaseBuilder.php(1585): CodeIgniter\Database\BaseConnection->query('SELECT `id`, `firstname`, `lastname`
FROM `member_info`
WHERE `if_cell_leader` = :if_cell_leader:', [...], false)
 5 SYSTEMPATH\Model.php(772): CodeIgniter\Database\BaseBuilder->get()
 6 APPPATH\Controllers\Churchmember.php(63): CodeIgniter\Model->__call('get', [])
 7 SYSTEMPATH\CodeIgniter.php(927): App\Controllers\Churchmember->ajaxCellLeaderList()
 8 SYSTEMPATH\CodeIgniter.php(482): CodeIgniter\CodeIgniter->runController(Object(App\Controllers\Churchmember))
 9 SYSTEMPATH\CodeIgniter.php(351): CodeIgniter\CodeIgniter->handleRequest(null, Object(Config\Cache), false)
10 FCPATH\index.php(68): CodeIgniter\CodeIgniter->run()
ERROR - 2022-12-15 18:17:59 --> mysqli_sql_exception: Unknown column 'lastname' in 'field list' in C:\xampp\htdocs\jccm\system\Database\MySQLi\Connection.php:292
Stack trace:
#0 C:\xampp\htdocs\jccm\system\Database\MySQLi\Connection.php(292): mysqli->query('SELECT `id`, `f...', 0)
#1 C:\xampp\htdocs\jccm\system\Database\BaseConnection.php(666): CodeIgniter\Database\MySQLi\Connection->execute('SELECT `id`, `f...')
#2 C:\xampp\htdocs\jccm\system\Database\BaseConnection.php(593): CodeIgniter\Database\BaseConnection->simpleQuery('SELECT `id`, `f...')
#3 C:\xampp\htdocs\jccm\system\Database\BaseBuilder.php(1585): CodeIgniter\Database\BaseConnection->query('SELECT `id`, `f...', Array, false)
#4 C:\xampp\htdocs\jccm\app\Controllers\Churchmember.php(69): CodeIgniter\Database\BaseBuilder->get()
#5 C:\xampp\htdocs\jccm\system\CodeIgniter.php(927): App\Controllers\Churchmember->ajaxCellLeaderList()
#6 C:\xampp\htdocs\jccm\system\CodeIgniter.php(482): CodeIgniter\CodeIgniter->runController(Object(App\Controllers\Churchmember))
#7 C:\xampp\htdocs\jccm\system\CodeIgniter.php(351): CodeIgniter\CodeIgniter->handleRequest(NULL, Object(Config\Cache), false)
#8 C:\xampp\htdocs\jccm\index.php(68): CodeIgniter\CodeIgniter->run()
#9 {main}
CRITICAL - 2022-12-15 18:18:00 --> Unknown column 'lastname' in 'field list'
in SYSTEMPATH\Database\MySQLi\Connection.php on line 292.
 1 SYSTEMPATH\Database\MySQLi\Connection.php(292): mysqli->query('SELECT `id`, `firstname`, `lastname`
FROM `member_info`
WHERE `if_cell_leader` = 1', 0)
 2 SYSTEMPATH\Database\BaseConnection.php(666): CodeIgniter\Database\MySQLi\Connection->execute('SELECT `id`, `firstname`, `lastname`
FROM `member_info`
WHERE `if_cell_leader` = 1')
 3 SYSTEMPATH\Database\BaseConnection.php(593): CodeIgniter\Database\BaseConnection->simpleQuery('SELECT `id`, `firstname`, `lastname`
FROM `member_info`
WHERE `if_cell_leader` = 1')
 4 SYSTEMPATH\Database\BaseBuilder.php(1585): CodeIgniter\Database\BaseConnection->query('SELECT `id`, `firstname`, `lastname`
FROM `member_info`
WHERE `if_cell_leader` = :if_cell_leader:', [...], false)
 5 APPPATH\Controllers\Churchmember.php(69): CodeIgniter\Database\BaseBuilder->get()
 6 SYSTEMPATH\CodeIgniter.php(927): App\Controllers\Churchmember->ajaxCellLeaderList()
 7 SYSTEMPATH\CodeIgniter.php(482): CodeIgniter\CodeIgniter->runController(Object(App\Controllers\Churchmember))
 8 SYSTEMPATH\CodeIgniter.php(351): CodeIgniter\CodeIgniter->handleRequest(null, Object(Config\Cache), false)
 9 FCPATH\index.php(68): CodeIgniter\CodeIgniter->run()
