CRITICAL - 2023-02-15 15:16:13 --> Undefined array key "pagibig_no"
in APPPATH\Views\employee\edit.php on line 194.
 1 APPPATH\Views\employee\edit.php(194): CodeIgniter\Debug\Exceptions->errorHandler(2, 'Undefined array key "pagibig_no"', 'APPPATH\\Views\\employee\\edit.php', 194)
 2 SYSTEMPATH\View\View.php(213): include('APPPATH\\Views\\employee\\edit.php')
 3 SYSTEMPATH\View\View.php(216): CodeIgniter\View\View->CodeIgniter\View\{closure}()
 4 SYSTEMPATH\Common.php(1134): CodeIgniter\View\View->render('employee/edit', [], true)
 5 APPPATH\Controllers\Employee.php(134): view('employee/edit', [...])
 6 SYSTEMPATH\CodeIgniter.php(927): App\Controllers\Employee->edit('6')
 7 SYSTEMPATH\CodeIgniter.php(482): CodeIgniter\CodeIgniter->runController(Object(App\Controllers\Employee))
 8 SYSTEMPATH\CodeIgniter.php(351): CodeIgniter\CodeIgniter->handleRequest(null, Object(Config\Cache), false)
 9 FCPATH\index.php(68): CodeIgniter\CodeIgniter->run()
CRITICAL - 2023-02-15 17:21:10 --> syntax error, unexpected token ";", expecting "]"
in APPPATH\Controllers\Employee.php on line 179.
 1 SYSTEMPATH\Autoloader\Autoloader.php(259): CodeIgniter\Autoloader\Autoloader->includeFile('APPPATH\\Controllers\\Employee.php')
 2 SYSTEMPATH\Autoloader\Autoloader.php(237): CodeIgniter\Autoloader\Autoloader->loadInNamespace('App\\Controllers\\Employee')
 3 [internal function]: CodeIgniter\Autoloader\Autoloader->loadClass('App\\Controllers\\Employee')
 4 SYSTEMPATH\CodeIgniter.php(877): class_exists('\\App\\Controllers\\Employee', true)
 5 SYSTEMPATH\CodeIgniter.php(469): CodeIgniter\CodeIgniter->startController()
 6 SYSTEMPATH\CodeIgniter.php(351): CodeIgniter\CodeIgniter->handleRequest(null, Object(Config\Cache), false)
 7 FCPATH\index.php(68): CodeIgniter\CodeIgniter->run()
CRITICAL - 2023-02-15 17:22:45 --> syntax error, unexpected token ";", expecting "]"
in APPPATH\Controllers\Employee.php on line 179.
 1 SYSTEMPATH\Autoloader\Autoloader.php(259): CodeIgniter\Autoloader\Autoloader->includeFile('APPPATH\\Controllers\\Employee.php')
 2 SYSTEMPATH\Autoloader\Autoloader.php(237): CodeIgniter\Autoloader\Autoloader->loadInNamespace('App\\Controllers\\Employee')
 3 [internal function]: CodeIgniter\Autoloader\Autoloader->loadClass('App\\Controllers\\Employee')
 4 SYSTEMPATH\CodeIgniter.php(877): class_exists('\\App\\Controllers\\Employee', true)
 5 SYSTEMPATH\CodeIgniter.php(469): CodeIgniter\CodeIgniter->startController()
 6 SYSTEMPATH\CodeIgniter.php(351): CodeIgniter\CodeIgniter->handleRequest(null, Object(Config\Cache), false)
 7 FCPATH\index.php(68): CodeIgniter\CodeIgniter->run()
ERROR - 2023-02-15 17:23:01 --> mysqli_sql_exception: Operand should contain 1 column(s) in C:\xampp\htdocs\hrm\system\Database\MySQLi\Connection.php:292
Stack trace:
#0 C:\xampp\htdocs\hrm\system\Database\MySQLi\Connection.php(292): mysqli->query('INSERT INTO `co...', 0)
#1 C:\xampp\htdocs\hrm\system\Database\BaseConnection.php(666): CodeIgniter\Database\MySQLi\Connection->execute('INSERT INTO `co...')
#2 C:\xampp\htdocs\hrm\system\Database\BaseConnection.php(593): CodeIgniter\Database\BaseConnection->simpleQuery('INSERT INTO `co...')
#3 C:\xampp\htdocs\hrm\system\Database\BaseBuilder.php(1916): CodeIgniter\Database\BaseConnection->query('INSERT INTO `co...', Array, false)
#4 C:\xampp\htdocs\hrm\system\Model.php(279): CodeIgniter\Database\BaseBuilder->insert()
#5 C:\xampp\htdocs\hrm\system\BaseModel.php(749): CodeIgniter\Model->doInsert(Array)
#6 C:\xampp\htdocs\hrm\system\Model.php(667): CodeIgniter\BaseModel->insert(Array, true)
#7 C:\xampp\htdocs\hrm\app\Models\CompanyDataEmployeeModel.php(43): CodeIgniter\Model->insert(Array)
#8 C:\xampp\htdocs\hrm\app\Controllers\Employee.php(188): App\Models\CompanyDataEmployeeModel->checkRecords(NULL, Array)
#9 C:\xampp\htdocs\hrm\system\CodeIgniter.php(927): App\Controllers\Employee->update_employee_data()
#10 C:\xampp\htdocs\hrm\system\CodeIgniter.php(482): CodeIgniter\CodeIgniter->runController(Object(App\Controllers\Employee))
#11 C:\xampp\htdocs\hrm\system\CodeIgniter.php(351): CodeIgniter\CodeIgniter->handleRequest(NULL, Object(Config\Cache), false)
#12 C:\xampp\htdocs\hrm\index.php(68): CodeIgniter\CodeIgniter->run()
#13 {main}
CRITICAL - 2023-02-15 17:23:01 --> Operand should contain 1 column(s)
in SYSTEMPATH\Database\MySQLi\Connection.php on line 292.
 1 SYSTEMPATH\Database\MySQLi\Connection.php(292): mysqli->query('INSERT INTO `company_employee_data` (`emp_id`, `emp_no`, `date_hired`) VALUES (NULL, (\'6\',\'Marco\',\'Calegan\',\'Piquero\',\'05/28/1995\',\'Caloocan City\',\'macpiquero00@gmail.com\',\'9560189890\',\'Filipino\',\'Single\',\'12-01284124-10\',\'07-1231232-C\',\'A-213123-1T\',\'1-1123123-04\',\'Lucilia Piquero\',\'Mother\',\'0912391231278\',\'Caloocan City\',\'09/20/1995\'), \'09/20/1995\')', 0)
 2 SYSTEMPATH\Database\BaseConnection.php(666): CodeIgniter\Database\MySQLi\Connection->execute('INSERT INTO `company_employee_data` (`emp_id`, `emp_no`, `date_hired`) VALUES (NULL, (\'6\',\'Marco\',\'Calegan\',\'Piquero\',\'05/28/1995\',\'Caloocan City\',\'macpiquero00@gmail.com\',\'9560189890\',\'Filipino\',\'Single\',\'12-01284124-10\',\'07-1231232-C\',\'A-213123-1T\',\'1-1123123-04\',\'Lucilia Piquero\',\'Mother\',\'0912391231278\',\'Caloocan City\',\'09/20/1995\'), \'09/20/1995\')')
 3 SYSTEMPATH\Database\BaseConnection.php(593): CodeIgniter\Database\BaseConnection->simpleQuery('INSERT INTO `company_employee_data` (`emp_id`, `emp_no`, `date_hired`) VALUES (NULL, (\'6\',\'Marco\',\'Calegan\',\'Piquero\',\'05/28/1995\',\'Caloocan City\',\'macpiquero00@gmail.com\',\'9560189890\',\'Filipino\',\'Single\',\'12-01284124-10\',\'07-1231232-C\',\'A-213123-1T\',\'1-1123123-04\',\'Lucilia Piquero\',\'Mother\',\'0912391231278\',\'Caloocan City\',\'09/20/1995\'), \'09/20/1995\')')
 4 SYSTEMPATH\Database\BaseBuilder.php(1916): CodeIgniter\Database\BaseConnection->query('INSERT INTO `company_employee_data` (`emp_id`, `emp_no`, `date_hired`) VALUES (:emp_id:, :emp_no:, :date_hired:)', [...], false)
 5 SYSTEMPATH\Model.php(279): CodeIgniter\Database\BaseBuilder->insert()
 6 SYSTEMPATH\BaseModel.php(749): CodeIgniter\Model->doInsert([...])
 7 SYSTEMPATH\Model.php(667): CodeIgniter\BaseModel->insert([...], true)
 8 APPPATH\Models\CompanyDataEmployeeModel.php(43): CodeIgniter\Model->insert([...])
 9 APPPATH\Controllers\Employee.php(188): App\Models\CompanyDataEmployeeModel->checkRecords(null, [...])
10 SYSTEMPATH\CodeIgniter.php(927): App\Controllers\Employee->update_employee_data()
11 SYSTEMPATH\CodeIgniter.php(482): CodeIgniter\CodeIgniter->runController(Object(App\Controllers\Employee))
12 SYSTEMPATH\CodeIgniter.php(351): CodeIgniter\CodeIgniter->handleRequest(null, Object(Config\Cache), false)
13 FCPATH\index.php(68): CodeIgniter\CodeIgniter->run()
ERROR - 2023-02-15 17:23:05 --> mysqli_sql_exception: Operand should contain 1 column(s) in C:\xampp\htdocs\hrm\system\Database\MySQLi\Connection.php:292
Stack trace:
#0 C:\xampp\htdocs\hrm\system\Database\MySQLi\Connection.php(292): mysqli->query('INSERT INTO `co...', 0)
#1 C:\xampp\htdocs\hrm\system\Database\BaseConnection.php(666): CodeIgniter\Database\MySQLi\Connection->execute('INSERT INTO `co...')
#2 C:\xampp\htdocs\hrm\system\Database\BaseConnection.php(593): CodeIgniter\Database\BaseConnection->simpleQuery('INSERT INTO `co...')
#3 C:\xampp\htdocs\hrm\system\Database\BaseBuilder.php(1916): CodeIgniter\Database\BaseConnection->query('INSERT INTO `co...', Array, false)
#4 C:\xampp\htdocs\hrm\system\Model.php(279): CodeIgniter\Database\BaseBuilder->insert()
#5 C:\xampp\htdocs\hrm\system\BaseModel.php(749): CodeIgniter\Model->doInsert(Array)
#6 C:\xampp\htdocs\hrm\system\Model.php(667): CodeIgniter\BaseModel->insert(Array, true)
#7 C:\xampp\htdocs\hrm\app\Models\CompanyDataEmployeeModel.php(43): CodeIgniter\Model->insert(Array)
#8 C:\xampp\htdocs\hrm\app\Controllers\Employee.php(188): App\Models\CompanyDataEmployeeModel->checkRecords(NULL, Array)
#9 C:\xampp\htdocs\hrm\system\CodeIgniter.php(927): App\Controllers\Employee->update_employee_data()
#10 C:\xampp\htdocs\hrm\system\CodeIgniter.php(482): CodeIgniter\CodeIgniter->runController(Object(App\Controllers\Employee))
#11 C:\xampp\htdocs\hrm\system\CodeIgniter.php(351): CodeIgniter\CodeIgniter->handleRequest(NULL, Object(Config\Cache), false)
#12 C:\xampp\htdocs\hrm\index.php(68): CodeIgniter\CodeIgniter->run()
#13 {main}
CRITICAL - 2023-02-15 17:23:05 --> Operand should contain 1 column(s)
in SYSTEMPATH\Database\MySQLi\Connection.php on line 292.
 1 SYSTEMPATH\Database\MySQLi\Connection.php(292): mysqli->query('INSERT INTO `company_employee_data` (`emp_id`, `emp_no`, `date_hired`) VALUES (NULL, (\'6\',\'Marco\',\'Calegan\',\'Piquero\',\'05/28/1995\',\'Caloocan City\',\'macpiquero00@gmail.com\',\'9560189890\',\'Filipino\',\'Single\',\'12-01284124-10\',\'07-1231232-C\',\'A-213123-1T\',\'1-1123123-04\',\'Lucilia Piquero\',\'Mother\',\'0912391231278\',\'Caloocan City\',\'09/20/1995\'), \'09/20/1995\')', 0)
 2 SYSTEMPATH\Database\BaseConnection.php(666): CodeIgniter\Database\MySQLi\Connection->execute('INSERT INTO `company_employee_data` (`emp_id`, `emp_no`, `date_hired`) VALUES (NULL, (\'6\',\'Marco\',\'Calegan\',\'Piquero\',\'05/28/1995\',\'Caloocan City\',\'macpiquero00@gmail.com\',\'9560189890\',\'Filipino\',\'Single\',\'12-01284124-10\',\'07-1231232-C\',\'A-213123-1T\',\'1-1123123-04\',\'Lucilia Piquero\',\'Mother\',\'0912391231278\',\'Caloocan City\',\'09/20/1995\'), \'09/20/1995\')')
 3 SYSTEMPATH\Database\BaseConnection.php(593): CodeIgniter\Database\BaseConnection->simpleQuery('INSERT INTO `company_employee_data` (`emp_id`, `emp_no`, `date_hired`) VALUES (NULL, (\'6\',\'Marco\',\'Calegan\',\'Piquero\',\'05/28/1995\',\'Caloocan City\',\'macpiquero00@gmail.com\',\'9560189890\',\'Filipino\',\'Single\',\'12-01284124-10\',\'07-1231232-C\',\'A-213123-1T\',\'1-1123123-04\',\'Lucilia Piquero\',\'Mother\',\'0912391231278\',\'Caloocan City\',\'09/20/1995\'), \'09/20/1995\')')
 4 SYSTEMPATH\Database\BaseBuilder.php(1916): CodeIgniter\Database\BaseConnection->query('INSERT INTO `company_employee_data` (`emp_id`, `emp_no`, `date_hired`) VALUES (:emp_id:, :emp_no:, :date_hired:)', [...], false)
 5 SYSTEMPATH\Model.php(279): CodeIgniter\Database\BaseBuilder->insert()
 6 SYSTEMPATH\BaseModel.php(749): CodeIgniter\Model->doInsert([...])
 7 SYSTEMPATH\Model.php(667): CodeIgniter\BaseModel->insert([...], true)
 8 APPPATH\Models\CompanyDataEmployeeModel.php(43): CodeIgniter\Model->insert([...])
 9 APPPATH\Controllers\Employee.php(188): App\Models\CompanyDataEmployeeModel->checkRecords(null, [...])
10 SYSTEMPATH\CodeIgniter.php(927): App\Controllers\Employee->update_employee_data()
11 SYSTEMPATH\CodeIgniter.php(482): CodeIgniter\CodeIgniter->runController(Object(App\Controllers\Employee))
12 SYSTEMPATH\CodeIgniter.php(351): CodeIgniter\CodeIgniter->handleRequest(null, Object(Config\Cache), false)
13 FCPATH\index.php(68): CodeIgniter\CodeIgniter->run()
ERROR - 2023-02-15 17:23:33 --> mysqli_sql_exception: Operand should contain 1 column(s) in C:\xampp\htdocs\hrm\system\Database\MySQLi\Connection.php:292
Stack trace:
#0 C:\xampp\htdocs\hrm\system\Database\MySQLi\Connection.php(292): mysqli->query('INSERT INTO `co...', 0)
#1 C:\xampp\htdocs\hrm\system\Database\BaseConnection.php(666): CodeIgniter\Database\MySQLi\Connection->execute('INSERT INTO `co...')
#2 C:\xampp\htdocs\hrm\system\Database\BaseConnection.php(593): CodeIgniter\Database\BaseConnection->simpleQuery('INSERT INTO `co...')
#3 C:\xampp\htdocs\hrm\system\Database\BaseBuilder.php(1916): CodeIgniter\Database\BaseConnection->query('INSERT INTO `co...', Array, false)
#4 C:\xampp\htdocs\hrm\system\Model.php(279): CodeIgniter\Database\BaseBuilder->insert()
#5 C:\xampp\htdocs\hrm\system\BaseModel.php(749): CodeIgniter\Model->doInsert(Array)
#6 C:\xampp\htdocs\hrm\system\Model.php(667): CodeIgniter\BaseModel->insert(Array, true)
#7 C:\xampp\htdocs\hrm\app\Models\CompanyDataEmployeeModel.php(43): CodeIgniter\Model->insert(Array)
#8 C:\xampp\htdocs\hrm\app\Controllers\Employee.php(188): App\Models\CompanyDataEmployeeModel->checkRecords(NULL, Array)
#9 C:\xampp\htdocs\hrm\system\CodeIgniter.php(927): App\Controllers\Employee->update_employee_data()
#10 C:\xampp\htdocs\hrm\system\CodeIgniter.php(482): CodeIgniter\CodeIgniter->runController(Object(App\Controllers\Employee))
#11 C:\xampp\htdocs\hrm\system\CodeIgniter.php(351): CodeIgniter\CodeIgniter->handleRequest(NULL, Object(Config\Cache), false)
#12 C:\xampp\htdocs\hrm\index.php(68): CodeIgniter\CodeIgniter->run()
#13 {main}
CRITICAL - 2023-02-15 17:23:33 --> Operand should contain 1 column(s)
in SYSTEMPATH\Database\MySQLi\Connection.php on line 292.
 1 SYSTEMPATH\Database\MySQLi\Connection.php(292): mysqli->query('INSERT INTO `company_employee_data` (`emp_id`, `emp_no`, `date_hired`) VALUES (NULL, (\'6\',\'Marco\',\'Calegan\',\'Piquero\',\'05/28/1995\',\'Caloocan City\',\'macpiquero00@gmail.com\',\'9560189890\',\'Filipino\',\'Single\',\'12-01284124-10\',\'07-1231232-C\',\'A-213123-1T\',\'1-1123123-04\',\'Lucilia Piquero\',\'Mother\',\'0912391231278\',\'Caloocan City\',\'05/04/1995\'), \'05/04/1995\')', 0)
 2 SYSTEMPATH\Database\BaseConnection.php(666): CodeIgniter\Database\MySQLi\Connection->execute('INSERT INTO `company_employee_data` (`emp_id`, `emp_no`, `date_hired`) VALUES (NULL, (\'6\',\'Marco\',\'Calegan\',\'Piquero\',\'05/28/1995\',\'Caloocan City\',\'macpiquero00@gmail.com\',\'9560189890\',\'Filipino\',\'Single\',\'12-01284124-10\',\'07-1231232-C\',\'A-213123-1T\',\'1-1123123-04\',\'Lucilia Piquero\',\'Mother\',\'0912391231278\',\'Caloocan City\',\'05/04/1995\'), \'05/04/1995\')')
 3 SYSTEMPATH\Database\BaseConnection.php(593): CodeIgniter\Database\BaseConnection->simpleQuery('INSERT INTO `company_employee_data` (`emp_id`, `emp_no`, `date_hired`) VALUES (NULL, (\'6\',\'Marco\',\'Calegan\',\'Piquero\',\'05/28/1995\',\'Caloocan City\',\'macpiquero00@gmail.com\',\'9560189890\',\'Filipino\',\'Single\',\'12-01284124-10\',\'07-1231232-C\',\'A-213123-1T\',\'1-1123123-04\',\'Lucilia Piquero\',\'Mother\',\'0912391231278\',\'Caloocan City\',\'05/04/1995\'), \'05/04/1995\')')
 4 SYSTEMPATH\Database\BaseBuilder.php(1916): CodeIgniter\Database\BaseConnection->query('INSERT INTO `company_employee_data` (`emp_id`, `emp_no`, `date_hired`) VALUES (:emp_id:, :emp_no:, :date_hired:)', [...], false)
 5 SYSTEMPATH\Model.php(279): CodeIgniter\Database\BaseBuilder->insert()
 6 SYSTEMPATH\BaseModel.php(749): CodeIgniter\Model->doInsert([...])
 7 SYSTEMPATH\Model.php(667): CodeIgniter\BaseModel->insert([...], true)
 8 APPPATH\Models\CompanyDataEmployeeModel.php(43): CodeIgniter\Model->insert([...])
 9 APPPATH\Controllers\Employee.php(188): App\Models\CompanyDataEmployeeModel->checkRecords(null, [...])
10 SYSTEMPATH\CodeIgniter.php(927): App\Controllers\Employee->update_employee_data()
11 SYSTEMPATH\CodeIgniter.php(482): CodeIgniter\CodeIgniter->runController(Object(App\Controllers\Employee))
12 SYSTEMPATH\CodeIgniter.php(351): CodeIgniter\CodeIgniter->handleRequest(null, Object(Config\Cache), false)
13 FCPATH\index.php(68): CodeIgniter\CodeIgniter->run()
ERROR - 2023-02-15 17:25:06 --> mysqli_sql_exception: Operand should contain 1 column(s) in C:\xampp\htdocs\hrm\system\Database\MySQLi\Connection.php:292
Stack trace:
#0 C:\xampp\htdocs\hrm\system\Database\MySQLi\Connection.php(292): mysqli->query('INSERT INTO `co...', 0)
#1 C:\xampp\htdocs\hrm\system\Database\BaseConnection.php(666): CodeIgniter\Database\MySQLi\Connection->execute('INSERT INTO `co...')
#2 C:\xampp\htdocs\hrm\system\Database\BaseConnection.php(593): CodeIgniter\Database\BaseConnection->simpleQuery('INSERT INTO `co...')
#3 C:\xampp\htdocs\hrm\system\Database\BaseBuilder.php(1916): CodeIgniter\Database\BaseConnection->query('INSERT INTO `co...', Array, false)
#4 C:\xampp\htdocs\hrm\system\Model.php(279): CodeIgniter\Database\BaseBuilder->insert()
#5 C:\xampp\htdocs\hrm\system\BaseModel.php(749): CodeIgniter\Model->doInsert(Array)
#6 C:\xampp\htdocs\hrm\system\Model.php(667): CodeIgniter\BaseModel->insert(Array, true)
#7 C:\xampp\htdocs\hrm\app\Models\CompanyDataEmployeeModel.php(43): CodeIgniter\Model->insert(Array)
#8 C:\xampp\htdocs\hrm\app\Controllers\Employee.php(188): App\Models\CompanyDataEmployeeModel->checkRecords(NULL, Array)
#9 C:\xampp\htdocs\hrm\system\CodeIgniter.php(927): App\Controllers\Employee->update_employee_data()
#10 C:\xampp\htdocs\hrm\system\CodeIgniter.php(482): CodeIgniter\CodeIgniter->runController(Object(App\Controllers\Employee))
#11 C:\xampp\htdocs\hrm\system\CodeIgniter.php(351): CodeIgniter\CodeIgniter->handleRequest(NULL, Object(Config\Cache), false)
#12 C:\xampp\htdocs\hrm\index.php(68): CodeIgniter\CodeIgniter->run()
#13 {main}
CRITICAL - 2023-02-15 17:25:06 --> Operand should contain 1 column(s)
in SYSTEMPATH\Database\MySQLi\Connection.php on line 292.
 1 SYSTEMPATH\Database\MySQLi\Connection.php(292): mysqli->query('INSERT INTO `company_employee_data` (`emp_id`, `emp_no`, `date_hired`) VALUES (NULL, (\'6\',\'Marco\',\'Calegan\',\'Piquero\',\'05/28/1995\',\'Caloocan City\',\'macpiquero00@gmail.com\',\'9560189890\',\'Filipino\',\'Single\',\'12-01284124-10\',\'07-1231232-C\',\'A-213123-1T\',\'1-1123123-04\',\'Lucilia Piquero\',\'Mother\',\'0912391231278\',\'Caloocan City\',\'05/04/1995\'), \'05/04/1995\')', 0)
 2 SYSTEMPATH\Database\BaseConnection.php(666): CodeIgniter\Database\MySQLi\Connection->execute('INSERT INTO `company_employee_data` (`emp_id`, `emp_no`, `date_hired`) VALUES (NULL, (\'6\',\'Marco\',\'Calegan\',\'Piquero\',\'05/28/1995\',\'Caloocan City\',\'macpiquero00@gmail.com\',\'9560189890\',\'Filipino\',\'Single\',\'12-01284124-10\',\'07-1231232-C\',\'A-213123-1T\',\'1-1123123-04\',\'Lucilia Piquero\',\'Mother\',\'0912391231278\',\'Caloocan City\',\'05/04/1995\'), \'05/04/1995\')')
 3 SYSTEMPATH\Database\BaseConnection.php(593): CodeIgniter\Database\BaseConnection->simpleQuery('INSERT INTO `company_employee_data` (`emp_id`, `emp_no`, `date_hired`) VALUES (NULL, (\'6\',\'Marco\',\'Calegan\',\'Piquero\',\'05/28/1995\',\'Caloocan City\',\'macpiquero00@gmail.com\',\'9560189890\',\'Filipino\',\'Single\',\'12-01284124-10\',\'07-1231232-C\',\'A-213123-1T\',\'1-1123123-04\',\'Lucilia Piquero\',\'Mother\',\'0912391231278\',\'Caloocan City\',\'05/04/1995\'), \'05/04/1995\')')
 4 SYSTEMPATH\Database\BaseBuilder.php(1916): CodeIgniter\Database\BaseConnection->query('INSERT INTO `company_employee_data` (`emp_id`, `emp_no`, `date_hired`) VALUES (:emp_id:, :emp_no:, :date_hired:)', [...], false)
 5 SYSTEMPATH\Model.php(279): CodeIgniter\Database\BaseBuilder->insert()
 6 SYSTEMPATH\BaseModel.php(749): CodeIgniter\Model->doInsert([...])
 7 SYSTEMPATH\Model.php(667): CodeIgniter\BaseModel->insert([...], true)
 8 APPPATH\Models\CompanyDataEmployeeModel.php(43): CodeIgniter\Model->insert([...])
 9 APPPATH\Controllers\Employee.php(188): App\Models\CompanyDataEmployeeModel->checkRecords(null, [...])
10 SYSTEMPATH\CodeIgniter.php(927): App\Controllers\Employee->update_employee_data()
11 SYSTEMPATH\CodeIgniter.php(482): CodeIgniter\CodeIgniter->runController(Object(App\Controllers\Employee))
12 SYSTEMPATH\CodeIgniter.php(351): CodeIgniter\CodeIgniter->handleRequest(null, Object(Config\Cache), false)
13 FCPATH\index.php(68): CodeIgniter\CodeIgniter->run()
ERROR - 2023-02-15 17:26:03 --> mysqli_sql_exception: Operand should contain 1 column(s) in C:\xampp\htdocs\hrm\system\Database\MySQLi\Connection.php:292
Stack trace:
#0 C:\xampp\htdocs\hrm\system\Database\MySQLi\Connection.php(292): mysqli->query('INSERT INTO `co...', 0)
#1 C:\xampp\htdocs\hrm\system\Database\BaseConnection.php(666): CodeIgniter\Database\MySQLi\Connection->execute('INSERT INTO `co...')
#2 C:\xampp\htdocs\hrm\system\Database\BaseConnection.php(593): CodeIgniter\Database\BaseConnection->simpleQuery('INSERT INTO `co...')
#3 C:\xampp\htdocs\hrm\system\Database\BaseBuilder.php(1916): CodeIgniter\Database\BaseConnection->query('INSERT INTO `co...', Array, false)
#4 C:\xampp\htdocs\hrm\system\Model.php(279): CodeIgniter\Database\BaseBuilder->insert()
#5 C:\xampp\htdocs\hrm\system\BaseModel.php(749): CodeIgniter\Model->doInsert(Array)
#6 C:\xampp\htdocs\hrm\system\Model.php(667): CodeIgniter\BaseModel->insert(Array, true)
#7 C:\xampp\htdocs\hrm\app\Models\CompanyDataEmployeeModel.php(43): CodeIgniter\Model->insert(Array)
#8 C:\xampp\htdocs\hrm\app\Controllers\Employee.php(188): App\Models\CompanyDataEmployeeModel->checkRecords(NULL, Array)
#9 C:\xampp\htdocs\hrm\system\CodeIgniter.php(927): App\Controllers\Employee->update_employee_data()
#10 C:\xampp\htdocs\hrm\system\CodeIgniter.php(482): CodeIgniter\CodeIgniter->runController(Object(App\Controllers\Employee))
#11 C:\xampp\htdocs\hrm\system\CodeIgniter.php(351): CodeIgniter\CodeIgniter->handleRequest(NULL, Object(Config\Cache), false)
#12 C:\xampp\htdocs\hrm\index.php(68): CodeIgniter\CodeIgniter->run()
#13 {main}
CRITICAL - 2023-02-15 17:26:03 --> Operand should contain 1 column(s)
in SYSTEMPATH\Database\MySQLi\Connection.php on line 292.
 1 SYSTEMPATH\Database\MySQLi\Connection.php(292): mysqli->query('INSERT INTO `company_employee_data` (`emp_id`, `emp_no`, `date_hired`) VALUES (NULL, (\'6\',\'Marco\',\'Calegan\',\'Piquero\',\'05/28/1995\',\'Caloocan City\',\'macpiquero00@gmail.com\',\'9560189890\',\'Filipino\',\'Single\',\'12-01284124-10\',\'07-1231232-C\',\'A-213123-1T\',\'1-1123123-04\',\'Lucilia Piquero\',\'Mother\',\'0912391231278\',\'Caloocan City\',\'05/12/1995\'), \'05/12/1995\')', 0)
 2 SYSTEMPATH\Database\BaseConnection.php(666): CodeIgniter\Database\MySQLi\Connection->execute('INSERT INTO `company_employee_data` (`emp_id`, `emp_no`, `date_hired`) VALUES (NULL, (\'6\',\'Marco\',\'Calegan\',\'Piquero\',\'05/28/1995\',\'Caloocan City\',\'macpiquero00@gmail.com\',\'9560189890\',\'Filipino\',\'Single\',\'12-01284124-10\',\'07-1231232-C\',\'A-213123-1T\',\'1-1123123-04\',\'Lucilia Piquero\',\'Mother\',\'0912391231278\',\'Caloocan City\',\'05/12/1995\'), \'05/12/1995\')')
 3 SYSTEMPATH\Database\BaseConnection.php(593): CodeIgniter\Database\BaseConnection->simpleQuery('INSERT INTO `company_employee_data` (`emp_id`, `emp_no`, `date_hired`) VALUES (NULL, (\'6\',\'Marco\',\'Calegan\',\'Piquero\',\'05/28/1995\',\'Caloocan City\',\'macpiquero00@gmail.com\',\'9560189890\',\'Filipino\',\'Single\',\'12-01284124-10\',\'07-1231232-C\',\'A-213123-1T\',\'1-1123123-04\',\'Lucilia Piquero\',\'Mother\',\'0912391231278\',\'Caloocan City\',\'05/12/1995\'), \'05/12/1995\')')
 4 SYSTEMPATH\Database\BaseBuilder.php(1916): CodeIgniter\Database\BaseConnection->query('INSERT INTO `company_employee_data` (`emp_id`, `emp_no`, `date_hired`) VALUES (:emp_id:, :emp_no:, :date_hired:)', [...], false)
 5 SYSTEMPATH\Model.php(279): CodeIgniter\Database\BaseBuilder->insert()
 6 SYSTEMPATH\BaseModel.php(749): CodeIgniter\Model->doInsert([...])
 7 SYSTEMPATH\Model.php(667): CodeIgniter\BaseModel->insert([...], true)
 8 APPPATH\Models\CompanyDataEmployeeModel.php(43): CodeIgniter\Model->insert([...])
 9 APPPATH\Controllers\Employee.php(188): App\Models\CompanyDataEmployeeModel->checkRecords(null, [...])
10 SYSTEMPATH\CodeIgniter.php(927): App\Controllers\Employee->update_employee_data()
11 SYSTEMPATH\CodeIgniter.php(482): CodeIgniter\CodeIgniter->runController(Object(App\Controllers\Employee))
12 SYSTEMPATH\CodeIgniter.php(351): CodeIgniter\CodeIgniter->handleRequest(null, Object(Config\Cache), false)
13 FCPATH\index.php(68): CodeIgniter\CodeIgniter->run()
ERROR - 2023-02-15 17:42:56 --> mysqli_sql_exception: Operand should contain 1 column(s) in C:\xampp\htdocs\hrm\system\Database\MySQLi\Connection.php:292
Stack trace:
#0 C:\xampp\htdocs\hrm\system\Database\MySQLi\Connection.php(292): mysqli->query('INSERT INTO `co...', 0)
#1 C:\xampp\htdocs\hrm\system\Database\BaseConnection.php(666): CodeIgniter\Database\MySQLi\Connection->execute('INSERT INTO `co...')
#2 C:\xampp\htdocs\hrm\system\Database\BaseConnection.php(593): CodeIgniter\Database\BaseConnection->simpleQuery('INSERT INTO `co...')
#3 C:\xampp\htdocs\hrm\system\Database\BaseBuilder.php(1916): CodeIgniter\Database\BaseConnection->query('INSERT INTO `co...', Array, false)
#4 C:\xampp\htdocs\hrm\system\Model.php(279): CodeIgniter\Database\BaseBuilder->insert()
#5 C:\xampp\htdocs\hrm\system\BaseModel.php(749): CodeIgniter\Model->doInsert(Array)
#6 C:\xampp\htdocs\hrm\system\Model.php(667): CodeIgniter\BaseModel->insert(Array, true)
#7 C:\xampp\htdocs\hrm\app\Models\CompanyDataEmployeeModel.php(43): CodeIgniter\Model->insert(Array)
#8 C:\xampp\htdocs\hrm\app\Controllers\Employee.php(188): App\Models\CompanyDataEmployeeModel->checkRecords(NULL, Array)
#9 C:\xampp\htdocs\hrm\system\CodeIgniter.php(927): App\Controllers\Employee->update_employee_data()
#10 C:\xampp\htdocs\hrm\system\CodeIgniter.php(482): CodeIgniter\CodeIgniter->runController(Object(App\Controllers\Employee))
#11 C:\xampp\htdocs\hrm\system\CodeIgniter.php(351): CodeIgniter\CodeIgniter->handleRequest(NULL, Object(Config\Cache), false)
#12 C:\xampp\htdocs\hrm\index.php(68): CodeIgniter\CodeIgniter->run()
#13 {main}
CRITICAL - 2023-02-15 17:42:56 --> Operand should contain 1 column(s)
in SYSTEMPATH\Database\MySQLi\Connection.php on line 292.
 1 SYSTEMPATH\Database\MySQLi\Connection.php(292): mysqli->query('INSERT INTO `company_employee_data` (`emp_id`, `emp_no`, `date_hired`) VALUES (NULL, (\'6\',\'Marco\',\'Calegan\',\'Piquero\',\'05/28/1995\',\'Caloocan City\',\'macpiquero00@gmail.com\',\'9560189890\',\'Filipino\',\'Single\',\'12-01284124-10\',\'07-1231232-C\',\'A-213123-1T\',\'1-1123123-04\',\'Lucilia Piquero\',\'Mother\',\'0912391231278\',\'Caloocan City\',\'10/20/1995\'), \'10/20/1995\')', 0)
 2 SYSTEMPATH\Database\BaseConnection.php(666): CodeIgniter\Database\MySQLi\Connection->execute('INSERT INTO `company_employee_data` (`emp_id`, `emp_no`, `date_hired`) VALUES (NULL, (\'6\',\'Marco\',\'Calegan\',\'Piquero\',\'05/28/1995\',\'Caloocan City\',\'macpiquero00@gmail.com\',\'9560189890\',\'Filipino\',\'Single\',\'12-01284124-10\',\'07-1231232-C\',\'A-213123-1T\',\'1-1123123-04\',\'Lucilia Piquero\',\'Mother\',\'0912391231278\',\'Caloocan City\',\'10/20/1995\'), \'10/20/1995\')')
 3 SYSTEMPATH\Database\BaseConnection.php(593): CodeIgniter\Database\BaseConnection->simpleQuery('INSERT INTO `company_employee_data` (`emp_id`, `emp_no`, `date_hired`) VALUES (NULL, (\'6\',\'Marco\',\'Calegan\',\'Piquero\',\'05/28/1995\',\'Caloocan City\',\'macpiquero00@gmail.com\',\'9560189890\',\'Filipino\',\'Single\',\'12-01284124-10\',\'07-1231232-C\',\'A-213123-1T\',\'1-1123123-04\',\'Lucilia Piquero\',\'Mother\',\'0912391231278\',\'Caloocan City\',\'10/20/1995\'), \'10/20/1995\')')
 4 SYSTEMPATH\Database\BaseBuilder.php(1916): CodeIgniter\Database\BaseConnection->query('INSERT INTO `company_employee_data` (`emp_id`, `emp_no`, `date_hired`) VALUES (:emp_id:, :emp_no:, :date_hired:)', [...], false)
 5 SYSTEMPATH\Model.php(279): CodeIgniter\Database\BaseBuilder->insert()
 6 SYSTEMPATH\BaseModel.php(749): CodeIgniter\Model->doInsert([...])
 7 SYSTEMPATH\Model.php(667): CodeIgniter\BaseModel->insert([...], true)
 8 APPPATH\Models\CompanyDataEmployeeModel.php(43): CodeIgniter\Model->insert([...])
 9 APPPATH\Controllers\Employee.php(188): App\Models\CompanyDataEmployeeModel->checkRecords(null, [...])
10 SYSTEMPATH\CodeIgniter.php(927): App\Controllers\Employee->update_employee_data()
11 SYSTEMPATH\CodeIgniter.php(482): CodeIgniter\CodeIgniter->runController(Object(App\Controllers\Employee))
12 SYSTEMPATH\CodeIgniter.php(351): CodeIgniter\CodeIgniter->handleRequest(null, Object(Config\Cache), false)
13 FCPATH\index.php(68): CodeIgniter\CodeIgniter->run()
CRITICAL - 2023-02-15 17:49:58 --> Undefined variable $data
in APPPATH\Controllers\Employee.php on line 192.
 1 APPPATH\Controllers\Employee.php(192): CodeIgniter\Debug\Exceptions->errorHandler(2, 'Undefined variable $data', 'APPPATH\\Controllers\\Employee.php', 192)
 2 SYSTEMPATH\CodeIgniter.php(927): App\Controllers\Employee->update_employee_data()
 3 SYSTEMPATH\CodeIgniter.php(482): CodeIgniter\CodeIgniter->runController(Object(App\Controllers\Employee))
 4 SYSTEMPATH\CodeIgniter.php(351): CodeIgniter\CodeIgniter->handleRequest(null, Object(Config\Cache), false)
 5 FCPATH\index.php(68): CodeIgniter\CodeIgniter->run()
ERROR - 2023-02-15 17:50:18 --> mysqli_sql_exception: Column 'emp_id' cannot be null in C:\xampp\htdocs\hrm\system\Database\MySQLi\Connection.php:292
Stack trace:
#0 C:\xampp\htdocs\hrm\system\Database\MySQLi\Connection.php(292): mysqli->query('INSERT INTO `co...', 0)
#1 C:\xampp\htdocs\hrm\system\Database\BaseConnection.php(666): CodeIgniter\Database\MySQLi\Connection->execute('INSERT INTO `co...')
#2 C:\xampp\htdocs\hrm\system\Database\BaseConnection.php(593): CodeIgniter\Database\BaseConnection->simpleQuery('INSERT INTO `co...')
#3 C:\xampp\htdocs\hrm\system\Database\BaseBuilder.php(1916): CodeIgniter\Database\BaseConnection->query('INSERT INTO `co...', Array, false)
#4 C:\xampp\htdocs\hrm\system\Model.php(279): CodeIgniter\Database\BaseBuilder->insert()
#5 C:\xampp\htdocs\hrm\system\BaseModel.php(749): CodeIgniter\Model->doInsert(Array)
#6 C:\xampp\htdocs\hrm\system\Model.php(667): CodeIgniter\BaseModel->insert(Array, true)
#7 C:\xampp\htdocs\hrm\app\Controllers\Employee.php(192): CodeIgniter\Model->insert(Array)
#8 C:\xampp\htdocs\hrm\system\CodeIgniter.php(927): App\Controllers\Employee->update_employee_data()
#9 C:\xampp\htdocs\hrm\system\CodeIgniter.php(482): CodeIgniter\CodeIgniter->runController(Object(App\Controllers\Employee))
#10 C:\xampp\htdocs\hrm\system\CodeIgniter.php(351): CodeIgniter\CodeIgniter->handleRequest(NULL, Object(Config\Cache), false)
#11 C:\xampp\htdocs\hrm\index.php(68): CodeIgniter\CodeIgniter->run()
#12 {main}
CRITICAL - 2023-02-15 17:50:18 --> Column 'emp_id' cannot be null
in SYSTEMPATH\Database\MySQLi\Connection.php on line 292.
 1 SYSTEMPATH\Database\MySQLi\Connection.php(292): mysqli->query('INSERT INTO `company_employee_data` (`emp_id`, `emp_no`, `date_hired`) VALUES (NULL, NULL, \'07/06/1995\')', 0)
 2 SYSTEMPATH\Database\BaseConnection.php(666): CodeIgniter\Database\MySQLi\Connection->execute('INSERT INTO `company_employee_data` (`emp_id`, `emp_no`, `date_hired`) VALUES (NULL, NULL, \'07/06/1995\')')
 3 SYSTEMPATH\Database\BaseConnection.php(593): CodeIgniter\Database\BaseConnection->simpleQuery('INSERT INTO `company_employee_data` (`emp_id`, `emp_no`, `date_hired`) VALUES (NULL, NULL, \'07/06/1995\')')
 4 SYSTEMPATH\Database\BaseBuilder.php(1916): CodeIgniter\Database\BaseConnection->query('INSERT INTO `company_employee_data` (`emp_id`, `emp_no`, `date_hired`) VALUES (:emp_id:, :emp_no:, :date_hired:)', [...], false)
 5 SYSTEMPATH\Model.php(279): CodeIgniter\Database\BaseBuilder->insert()
 6 SYSTEMPATH\BaseModel.php(749): CodeIgniter\Model->doInsert([...])
 7 SYSTEMPATH\Model.php(667): CodeIgniter\BaseModel->insert([...], true)
 8 APPPATH\Controllers\Employee.php(192): CodeIgniter\Model->insert([...])
 9 SYSTEMPATH\CodeIgniter.php(927): App\Controllers\Employee->update_employee_data()
10 SYSTEMPATH\CodeIgniter.php(482): CodeIgniter\CodeIgniter->runController(Object(App\Controllers\Employee))
11 SYSTEMPATH\CodeIgniter.php(351): CodeIgniter\CodeIgniter->handleRequest(null, Object(Config\Cache), false)
12 FCPATH\index.php(68): CodeIgniter\CodeIgniter->run()
ERROR - 2023-02-15 17:57:32 --> mysqli_sql_exception: Column 'emp_id' cannot be null in C:\xampp\htdocs\hrm\system\Database\MySQLi\Connection.php:292
Stack trace:
#0 C:\xampp\htdocs\hrm\system\Database\MySQLi\Connection.php(292): mysqli->query('INSERT INTO `co...', 0)
#1 C:\xampp\htdocs\hrm\system\Database\BaseConnection.php(666): CodeIgniter\Database\MySQLi\Connection->execute('INSERT INTO `co...')
#2 C:\xampp\htdocs\hrm\system\Database\BaseConnection.php(593): CodeIgniter\Database\BaseConnection->simpleQuery('INSERT INTO `co...')
#3 C:\xampp\htdocs\hrm\system\Database\BaseBuilder.php(1916): CodeIgniter\Database\BaseConnection->query('INSERT INTO `co...', Array, false)
#4 C:\xampp\htdocs\hrm\system\Model.php(279): CodeIgniter\Database\BaseBuilder->insert()
#5 C:\xampp\htdocs\hrm\system\BaseModel.php(749): CodeIgniter\Model->doInsert(Array)
#6 C:\xampp\htdocs\hrm\system\Model.php(667): CodeIgniter\BaseModel->insert(Array, true)
#7 C:\xampp\htdocs\hrm\app\Models\CompanyDataEmployeeModel.php(43): CodeIgniter\Model->insert(Array)
#8 C:\xampp\htdocs\hrm\app\Controllers\Employee.php(188): App\Models\CompanyDataEmployeeModel->checkRecords('10001', Array)
#9 C:\xampp\htdocs\hrm\system\CodeIgniter.php(927): App\Controllers\Employee->update_employee_data()
#10 C:\xampp\htdocs\hrm\system\CodeIgniter.php(482): CodeIgniter\CodeIgniter->runController(Object(App\Controllers\Employee))
#11 C:\xampp\htdocs\hrm\system\CodeIgniter.php(351): CodeIgniter\CodeIgniter->handleRequest(NULL, Object(Config\Cache), false)
#12 C:\xampp\htdocs\hrm\index.php(68): CodeIgniter\CodeIgniter->run()
#13 {main}
CRITICAL - 2023-02-15 17:57:32 --> Column 'emp_id' cannot be null
in SYSTEMPATH\Database\MySQLi\Connection.php on line 292.
 1 SYSTEMPATH\Database\MySQLi\Connection.php(292): mysqli->query('INSERT INTO `company_employee_data` (`emp_id`, `emp_no`, `date_hired`) VALUES (NULL, \'10001\', \'06/01/1995\')', 0)
 2 SYSTEMPATH\Database\BaseConnection.php(666): CodeIgniter\Database\MySQLi\Connection->execute('INSERT INTO `company_employee_data` (`emp_id`, `emp_no`, `date_hired`) VALUES (NULL, \'10001\', \'06/01/1995\')')
 3 SYSTEMPATH\Database\BaseConnection.php(593): CodeIgniter\Database\BaseConnection->simpleQuery('INSERT INTO `company_employee_data` (`emp_id`, `emp_no`, `date_hired`) VALUES (NULL, \'10001\', \'06/01/1995\')')
 4 SYSTEMPATH\Database\BaseBuilder.php(1916): CodeIgniter\Database\BaseConnection->query('INSERT INTO `company_employee_data` (`emp_id`, `emp_no`, `date_hired`) VALUES (:emp_id:, :emp_no.1:, :date_hired:)', [...], false)
 5 SYSTEMPATH\Model.php(279): CodeIgniter\Database\BaseBuilder->insert()
 6 SYSTEMPATH\BaseModel.php(749): CodeIgniter\Model->doInsert([...])
 7 SYSTEMPATH\Model.php(667): CodeIgniter\BaseModel->insert([...], true)
 8 APPPATH\Models\CompanyDataEmployeeModel.php(43): CodeIgniter\Model->insert([...])
 9 APPPATH\Controllers\Employee.php(188): App\Models\CompanyDataEmployeeModel->checkRecords('10001', [...])
10 SYSTEMPATH\CodeIgniter.php(927): App\Controllers\Employee->update_employee_data()
11 SYSTEMPATH\CodeIgniter.php(482): CodeIgniter\CodeIgniter->runController(Object(App\Controllers\Employee))
12 SYSTEMPATH\CodeIgniter.php(351): CodeIgniter\CodeIgniter->handleRequest(null, Object(Config\Cache), false)
13 FCPATH\index.php(68): CodeIgniter\CodeIgniter->run()
ERROR - 2023-02-15 17:59:03 --> mysqli_sql_exception: Column 'emp_id' cannot be null in C:\xampp\htdocs\hrm\system\Database\MySQLi\Connection.php:292
Stack trace:
#0 C:\xampp\htdocs\hrm\system\Database\MySQLi\Connection.php(292): mysqli->query('INSERT INTO `co...', 0)
#1 C:\xampp\htdocs\hrm\system\Database\BaseConnection.php(666): CodeIgniter\Database\MySQLi\Connection->execute('INSERT INTO `co...')
#2 C:\xampp\htdocs\hrm\system\Database\BaseConnection.php(593): CodeIgniter\Database\BaseConnection->simpleQuery('INSERT INTO `co...')
#3 C:\xampp\htdocs\hrm\system\Database\BaseBuilder.php(1916): CodeIgniter\Database\BaseConnection->query('INSERT INTO `co...', Array, false)
#4 C:\xampp\htdocs\hrm\system\Model.php(279): CodeIgniter\Database\BaseBuilder->insert()
#5 C:\xampp\htdocs\hrm\system\BaseModel.php(749): CodeIgniter\Model->doInsert(Array)
#6 C:\xampp\htdocs\hrm\system\Model.php(667): CodeIgniter\BaseModel->insert(Array, true)
#7 C:\xampp\htdocs\hrm\app\Controllers\Employee.php(193): CodeIgniter\Model->insert(Array)
#8 C:\xampp\htdocs\hrm\system\CodeIgniter.php(927): App\Controllers\Employee->update_employee_data()
#9 C:\xampp\htdocs\hrm\system\CodeIgniter.php(482): CodeIgniter\CodeIgniter->runController(Object(App\Controllers\Employee))
#10 C:\xampp\htdocs\hrm\system\CodeIgniter.php(351): CodeIgniter\CodeIgniter->handleRequest(NULL, Object(Config\Cache), false)
#11 C:\xampp\htdocs\hrm\index.php(68): CodeIgniter\CodeIgniter->run()
#12 {main}
CRITICAL - 2023-02-15 17:59:03 --> Column 'emp_id' cannot be null
in SYSTEMPATH\Database\MySQLi\Connection.php on line 292.
 1 SYSTEMPATH\Database\MySQLi\Connection.php(292): mysqli->query('INSERT INTO `company_employee_data` (`emp_id`, `emp_no`, `date_hired`) VALUES (NULL, \'10001\', \'06/02/1995\')', 0)
 2 SYSTEMPATH\Database\BaseConnection.php(666): CodeIgniter\Database\MySQLi\Connection->execute('INSERT INTO `company_employee_data` (`emp_id`, `emp_no`, `date_hired`) VALUES (NULL, \'10001\', \'06/02/1995\')')
 3 SYSTEMPATH\Database\BaseConnection.php(593): CodeIgniter\Database\BaseConnection->simpleQuery('INSERT INTO `company_employee_data` (`emp_id`, `emp_no`, `date_hired`) VALUES (NULL, \'10001\', \'06/02/1995\')')
 4 SYSTEMPATH\Database\BaseBuilder.php(1916): CodeIgniter\Database\BaseConnection->query('INSERT INTO `company_employee_data` (`emp_id`, `emp_no`, `date_hired`) VALUES (:emp_id:, :emp_no.1:, :date_hired:)', [...], false)
 5 SYSTEMPATH\Model.php(279): CodeIgniter\Database\BaseBuilder->insert()
 6 SYSTEMPATH\BaseModel.php(749): CodeIgniter\Model->doInsert([...])
 7 SYSTEMPATH\Model.php(667): CodeIgniter\BaseModel->insert([...], true)
 8 APPPATH\Controllers\Employee.php(193): CodeIgniter\Model->insert([...])
 9 SYSTEMPATH\CodeIgniter.php(927): App\Controllers\Employee->update_employee_data()
10 SYSTEMPATH\CodeIgniter.php(482): CodeIgniter\CodeIgniter->runController(Object(App\Controllers\Employee))
11 SYSTEMPATH\CodeIgniter.php(351): CodeIgniter\CodeIgniter->handleRequest(null, Object(Config\Cache), false)
12 FCPATH\index.php(68): CodeIgniter\CodeIgniter->run()
CRITICAL - 2023-02-15 18:02:50 --> syntax error, unexpected token ";", expecting "]"
in APPPATH\Controllers\Employee.php on line 182.
 1 SYSTEMPATH\Autoloader\Autoloader.php(259): CodeIgniter\Autoloader\Autoloader->includeFile('APPPATH\\Controllers\\Employee.php')
 2 SYSTEMPATH\Autoloader\Autoloader.php(237): CodeIgniter\Autoloader\Autoloader->loadInNamespace('App\\Controllers\\Employee')
 3 [internal function]: CodeIgniter\Autoloader\Autoloader->loadClass('App\\Controllers\\Employee')
 4 SYSTEMPATH\CodeIgniter.php(877): class_exists('\\App\\Controllers\\Employee', true)
 5 SYSTEMPATH\CodeIgniter.php(469): CodeIgniter\CodeIgniter->startController()
 6 SYSTEMPATH\CodeIgniter.php(351): CodeIgniter\CodeIgniter->handleRequest(null, Object(Config\Cache), false)
 7 FCPATH\index.php(68): CodeIgniter\CodeIgniter->run()
