CRITICAL - 2023-02-09 12:20:58 --> json_decode(): Argument #1 ($json) must be of type string, array given
in APPPATH\Controllers\Employee.php on line 143.
 1 APPPATH\Controllers\Employee.php(143): json_decode([...], true)
 2 SYSTEMPATH\CodeIgniter.php(927): App\Controllers\Employee->update_employee_data()
 3 SYSTEMPATH\CodeIgniter.php(482): CodeIgniter\CodeIgniter->runController(Object(App\Controllers\Employee))
 4 SYSTEMPATH\CodeIgniter.php(351): CodeIgniter\CodeIgniter->handleRequest(null, Object(Config\Cache), false)
 5 FCPATH\index.php(68): CodeIgniter\CodeIgniter->run()
CRITICAL - 2023-02-09 12:21:39 --> json_decode(): Argument #1 ($json) must be of type string, array given
in APPPATH\Controllers\Employee.php on line 143.
 1 APPPATH\Controllers\Employee.php(143): json_decode([...], true)
 2 SYSTEMPATH\CodeIgniter.php(927): App\Controllers\Employee->update_employee_data()
 3 SYSTEMPATH\CodeIgniter.php(482): CodeIgniter\CodeIgniter->runController(Object(App\Controllers\Employee))
 4 SYSTEMPATH\CodeIgniter.php(351): CodeIgniter\CodeIgniter->handleRequest(null, Object(Config\Cache), false)
 5 FCPATH\index.php(68): CodeIgniter\CodeIgniter->run()
CRITICAL - 2023-02-09 12:22:05 --> json_decode(): Argument #1 ($json) must be of type string, array given
in APPPATH\Controllers\Employee.php on line 143.
 1 APPPATH\Controllers\Employee.php(143): json_decode([...], true)
 2 SYSTEMPATH\CodeIgniter.php(927): App\Controllers\Employee->update_employee_data()
 3 SYSTEMPATH\CodeIgniter.php(482): CodeIgniter\CodeIgniter->runController(Object(App\Controllers\Employee))
 4 SYSTEMPATH\CodeIgniter.php(351): CodeIgniter\CodeIgniter->handleRequest(null, Object(Config\Cache), false)
 5 FCPATH\index.php(68): CodeIgniter\CodeIgniter->run()
CRITICAL - 2023-02-09 14:54:02 --> json_decode(): Argument #1 ($json) must be of type string, array given
in APPPATH\Controllers\Employee.php on line 143.
 1 APPPATH\Controllers\Employee.php(143): json_decode([...], true)
 2 SYSTEMPATH\CodeIgniter.php(927): App\Controllers\Employee->update_employee_data()
 3 SYSTEMPATH\CodeIgniter.php(482): CodeIgniter\CodeIgniter->runController(Object(App\Controllers\Employee))
 4 SYSTEMPATH\CodeIgniter.php(351): CodeIgniter\CodeIgniter->handleRequest(null, Object(Config\Cache), false)
 5 FCPATH\index.php(68): CodeIgniter\CodeIgniter->run()
CRITICAL - 2023-02-09 14:54:27 --> json_decode(): Argument #1 ($json) must be of type string, array given
in APPPATH\Controllers\Employee.php on line 143.
 1 APPPATH\Controllers\Employee.php(143): json_decode([...], true)
 2 SYSTEMPATH\CodeIgniter.php(927): App\Controllers\Employee->update_employee_data()
 3 SYSTEMPATH\CodeIgniter.php(482): CodeIgniter\CodeIgniter->runController(Object(App\Controllers\Employee))
 4 SYSTEMPATH\CodeIgniter.php(351): CodeIgniter\CodeIgniter->handleRequest(null, Object(Config\Cache), false)
 5 FCPATH\index.php(68): CodeIgniter\CodeIgniter->run()
CRITICAL - 2023-02-09 14:54:38 --> json_decode(): Argument #1 ($json) must be of type string, array given
in APPPATH\Controllers\Employee.php on line 143.
 1 APPPATH\Controllers\Employee.php(143): json_decode([...], true)
 2 SYSTEMPATH\CodeIgniter.php(927): App\Controllers\Employee->update_employee_data()
 3 SYSTEMPATH\CodeIgniter.php(482): CodeIgniter\CodeIgniter->runController(Object(App\Controllers\Employee))
 4 SYSTEMPATH\CodeIgniter.php(351): CodeIgniter\CodeIgniter->handleRequest(null, Object(Config\Cache), false)
 5 FCPATH\index.php(68): CodeIgniter\CodeIgniter->run()
CRITICAL - 2023-02-09 14:56:47 --> json_decode(): Argument #1 ($json) must be of type string, array given
in APPPATH\Controllers\Employee.php on line 143.
 1 APPPATH\Controllers\Employee.php(143): json_decode([...], true)
 2 SYSTEMPATH\CodeIgniter.php(927): App\Controllers\Employee->update_employee_data()
 3 SYSTEMPATH\CodeIgniter.php(482): CodeIgniter\CodeIgniter->runController(Object(App\Controllers\Employee))
 4 SYSTEMPATH\CodeIgniter.php(351): CodeIgniter\CodeIgniter->handleRequest(null, Object(Config\Cache), false)
 5 FCPATH\index.php(68): CodeIgniter\CodeIgniter->run()
CRITICAL - 2023-02-09 14:57:52 --> Undefined array key "firstname"
in APPPATH\Controllers\Employee.php on line 147.
 1 APPPATH\Controllers\Employee.php(147): CodeIgniter\Debug\Exceptions->errorHandler(2, 'Undefined array key "firstname"', 'APPPATH\\Controllers\\Employee.php', 147)
 2 SYSTEMPATH\CodeIgniter.php(927): App\Controllers\Employee->update_employee_data()
 3 SYSTEMPATH\CodeIgniter.php(482): CodeIgniter\CodeIgniter->runController(Object(App\Controllers\Employee))
 4 SYSTEMPATH\CodeIgniter.php(351): CodeIgniter\CodeIgniter->handleRequest(null, Object(Config\Cache), false)
 5 FCPATH\index.php(68): CodeIgniter\CodeIgniter->run()
CRITICAL - 2023-02-09 15:01:37 --> json_decode(): Argument #1 ($json) must be of type string, array given
in APPPATH\Controllers\Employee.php on line 143.
 1 APPPATH\Controllers\Employee.php(143): json_decode([...], true)
 2 SYSTEMPATH\CodeIgniter.php(927): App\Controllers\Employee->update_employee_data()
 3 SYSTEMPATH\CodeIgniter.php(482): CodeIgniter\CodeIgniter->runController(Object(App\Controllers\Employee))
 4 SYSTEMPATH\CodeIgniter.php(351): CodeIgniter\CodeIgniter->handleRequest(null, Object(Config\Cache), false)
 5 FCPATH\index.php(68): CodeIgniter\CodeIgniter->run()
CRITICAL - 2023-02-09 15:02:22 --> json_decode(): Argument #1 ($json) must be of type string, array given
in APPPATH\Controllers\Employee.php on line 143.
 1 APPPATH\Controllers\Employee.php(143): json_decode([...], true)
 2 SYSTEMPATH\CodeIgniter.php(927): App\Controllers\Employee->update_employee_data()
 3 SYSTEMPATH\CodeIgniter.php(482): CodeIgniter\CodeIgniter->runController(Object(App\Controllers\Employee))
 4 SYSTEMPATH\CodeIgniter.php(351): CodeIgniter\CodeIgniter->handleRequest(null, Object(Config\Cache), false)
 5 FCPATH\index.php(68): CodeIgniter\CodeIgniter->run()
CRITICAL - 2023-02-09 18:16:30 --> Undefined variable $id
in APPPATH\Controllers\Employee.php on line 163.
 1 APPPATH\Controllers\Employee.php(163): CodeIgniter\Debug\Exceptions->errorHandler(2, 'Undefined variable $id', 'APPPATH\\Controllers\\Employee.php', 163)
 2 SYSTEMPATH\CodeIgniter.php(927): App\Controllers\Employee->update_employee_data()
 3 SYSTEMPATH\CodeIgniter.php(482): CodeIgniter\CodeIgniter->runController(Object(App\Controllers\Employee))
 4 SYSTEMPATH\CodeIgniter.php(351): CodeIgniter\CodeIgniter->handleRequest(null, Object(Config\Cache), false)
 5 FCPATH\index.php(68): CodeIgniter\CodeIgniter->run()
CRITICAL - 2023-02-09 18:24:43 --> Array to string conversion
in APPPATH\Controllers\Employee.php on line 167.
 1 APPPATH\Controllers\Employee.php(167): CodeIgniter\Debug\Exceptions->errorHandler(2, 'Array to string conversion', 'APPPATH\\Controllers\\Employee.php', 167)
 2 SYSTEMPATH\CodeIgniter.php(927): App\Controllers\Employee->update_employee_data()
 3 SYSTEMPATH\CodeIgniter.php(482): CodeIgniter\CodeIgniter->runController(Object(App\Controllers\Employee))
 4 SYSTEMPATH\CodeIgniter.php(351): CodeIgniter\CodeIgniter->handleRequest(null, Object(Config\Cache), false)
 5 FCPATH\index.php(68): CodeIgniter\CodeIgniter->run()
CRITICAL - 2023-02-09 18:52:22 --> There is no data to update.
in SYSTEMPATH\BaseModel.php on line 867.
 1 SYSTEMPATH\BaseModel.php(867): CodeIgniter\Database\Exceptions\DataException::forEmptyDataset('update')
 2 SYSTEMPATH\Model.php(693): CodeIgniter\BaseModel->update([...], [])
 3 APPPATH\Controllers\Employee.php(164): CodeIgniter\Model->update([...], [...])
 4 SYSTEMPATH\CodeIgniter.php(927): App\Controllers\Employee->update_employee_data()
 5 SYSTEMPATH\CodeIgniter.php(482): CodeIgniter\CodeIgniter->runController(Object(App\Controllers\Employee))
 6 SYSTEMPATH\CodeIgniter.php(351): CodeIgniter\CodeIgniter->handleRequest(null, Object(Config\Cache), false)
 7 FCPATH\index.php(68): CodeIgniter\CodeIgniter->run()
CRITICAL - 2023-02-09 18:59:29 --> There is no data to update.
in SYSTEMPATH\BaseModel.php on line 867.
 1 SYSTEMPATH\BaseModel.php(867): CodeIgniter\Database\Exceptions\DataException::forEmptyDataset('update')
 2 SYSTEMPATH\Model.php(693): CodeIgniter\BaseModel->update([...], [])
 3 APPPATH\Controllers\Employee.php(164): CodeIgniter\Model->update('6', [...])
 4 SYSTEMPATH\CodeIgniter.php(927): App\Controllers\Employee->update_employee_data()
 5 SYSTEMPATH\CodeIgniter.php(482): CodeIgniter\CodeIgniter->runController(Object(App\Controllers\Employee))
 6 SYSTEMPATH\CodeIgniter.php(351): CodeIgniter\CodeIgniter->handleRequest(null, Object(Config\Cache), false)
 7 FCPATH\index.php(68): CodeIgniter\CodeIgniter->run()
CRITICAL - 2023-02-09 19:25:44 --> syntax error, unexpected token "]"
in APPPATH\Controllers\Employee.php on line 164.
 1 SYSTEMPATH\Autoloader\Autoloader.php(259): CodeIgniter\Autoloader\Autoloader->includeFile('APPPATH\\Controllers\\Employee.php')
 2 SYSTEMPATH\Autoloader\Autoloader.php(237): CodeIgniter\Autoloader\Autoloader->loadInNamespace('App\\Controllers\\Employee')
 3 [internal function]: CodeIgniter\Autoloader\Autoloader->loadClass('App\\Controllers\\Employee')
 4 SYSTEMPATH\CodeIgniter.php(877): class_exists('\\App\\Controllers\\Employee', true)
 5 SYSTEMPATH\CodeIgniter.php(469): CodeIgniter\CodeIgniter->startController()
 6 SYSTEMPATH\CodeIgniter.php(351): CodeIgniter\CodeIgniter->handleRequest(null, Object(Config\Cache), false)
 7 FCPATH\index.php(68): CodeIgniter\CodeIgniter->run()
CRITICAL - 2023-02-09 19:26:16 --> Call to undefined method App\Models\EmployeeModel::doUpdate
in SYSTEMPATH\Model.php on line 774.
 1 APPPATH\Controllers\Employee.php(164): CodeIgniter\Model->__call('doUpdate', [...])
 2 SYSTEMPATH\CodeIgniter.php(927): App\Controllers\Employee->update_employee_data()
 3 SYSTEMPATH\CodeIgniter.php(482): CodeIgniter\CodeIgniter->runController(Object(App\Controllers\Employee))
 4 SYSTEMPATH\CodeIgniter.php(351): CodeIgniter\CodeIgniter->handleRequest(null, Object(Config\Cache), false)
 5 FCPATH\index.php(68): CodeIgniter\CodeIgniter->run()
CRITICAL - 2023-02-09 19:27:40 --> There is no data to update.
in SYSTEMPATH\BaseModel.php on line 867.
 1 SYSTEMPATH\BaseModel.php(867): CodeIgniter\Database\Exceptions\DataException::forEmptyDataset('update')
 2 SYSTEMPATH\Model.php(693): CodeIgniter\BaseModel->update([...], [])
 3 APPPATH\Controllers\Employee.php(164): CodeIgniter\Model->update([...], [...])
 4 SYSTEMPATH\CodeIgniter.php(927): App\Controllers\Employee->update_employee_data()
 5 SYSTEMPATH\CodeIgniter.php(482): CodeIgniter\CodeIgniter->runController(Object(App\Controllers\Employee))
 6 SYSTEMPATH\CodeIgniter.php(351): CodeIgniter\CodeIgniter->handleRequest(null, Object(Config\Cache), false)
 7 FCPATH\index.php(68): CodeIgniter\CodeIgniter->run()
CRITICAL - 2023-02-09 20:38:53 --> There is no data to update.
in SYSTEMPATH\BaseModel.php on line 867.
 1 SYSTEMPATH\BaseModel.php(867): CodeIgniter\Database\Exceptions\DataException::forEmptyDataset('update')
 2 SYSTEMPATH\Model.php(693): CodeIgniter\BaseModel->update([...], [])
 3 APPPATH\Controllers\Employee.php(158): CodeIgniter\Model->update('6', [...])
 4 SYSTEMPATH\CodeIgniter.php(927): App\Controllers\Employee->update_employee_data()
 5 SYSTEMPATH\CodeIgniter.php(482): CodeIgniter\CodeIgniter->runController(Object(App\Controllers\Employee))
 6 SYSTEMPATH\CodeIgniter.php(351): CodeIgniter\CodeIgniter->handleRequest(null, Object(Config\Cache), false)
 7 FCPATH\index.php(68): CodeIgniter\CodeIgniter->run()
CRITICAL - 2023-02-09 20:41:56 --> syntax error, unexpected token "->"
in APPPATH\Controllers\Employee.php on line 161.
 1 SYSTEMPATH\Autoloader\Autoloader.php(259): CodeIgniter\Autoloader\Autoloader->includeFile('APPPATH\\Controllers\\Employee.php')
 2 SYSTEMPATH\Autoloader\Autoloader.php(237): CodeIgniter\Autoloader\Autoloader->loadInNamespace('App\\Controllers\\Employee')
 3 [internal function]: CodeIgniter\Autoloader\Autoloader->loadClass('App\\Controllers\\Employee')
 4 SYSTEMPATH\CodeIgniter.php(877): class_exists('\\App\\Controllers\\Employee', true)
 5 SYSTEMPATH\CodeIgniter.php(469): CodeIgniter\CodeIgniter->startController()
 6 SYSTEMPATH\CodeIgniter.php(351): CodeIgniter\CodeIgniter->handleRequest(null, Object(Config\Cache), false)
 7 FCPATH\index.php(68): CodeIgniter\CodeIgniter->run()
CRITICAL - 2023-02-09 20:42:11 --> There is no data to update.
in SYSTEMPATH\BaseModel.php on line 867.
 1 SYSTEMPATH\BaseModel.php(867): CodeIgniter\Database\Exceptions\DataException::forEmptyDataset('update')
 2 SYSTEMPATH\Model.php(693): CodeIgniter\BaseModel->update(null, [])
 3 APPPATH\Controllers\Employee.php(161): CodeIgniter\Model->update()
 4 SYSTEMPATH\CodeIgniter.php(927): App\Controllers\Employee->update_employee_data()
 5 SYSTEMPATH\CodeIgniter.php(482): CodeIgniter\CodeIgniter->runController(Object(App\Controllers\Employee))
 6 SYSTEMPATH\CodeIgniter.php(351): CodeIgniter\CodeIgniter->handleRequest(null, Object(Config\Cache), false)
 7 FCPATH\index.php(68): CodeIgniter\CodeIgniter->run()
CRITICAL - 2023-02-09 20:45:22 --> There is no data to update.
in SYSTEMPATH\BaseModel.php on line 867.
 1 SYSTEMPATH\BaseModel.php(867): CodeIgniter\Database\Exceptions\DataException::forEmptyDataset('update')
 2 SYSTEMPATH\Model.php(693): CodeIgniter\BaseModel->update(null, [])
 3 APPPATH\Controllers\Employee.php(161): CodeIgniter\Model->update()
 4 SYSTEMPATH\CodeIgniter.php(927): App\Controllers\Employee->update_employee_data()
 5 SYSTEMPATH\CodeIgniter.php(482): CodeIgniter\CodeIgniter->runController(Object(App\Controllers\Employee))
 6 SYSTEMPATH\CodeIgniter.php(351): CodeIgniter\CodeIgniter->handleRequest(null, Object(Config\Cache), false)
 7 FCPATH\index.php(68): CodeIgniter\CodeIgniter->run()
CRITICAL - 2023-02-09 20:47:34 --> You must use the "set" method to update an entry.
in SYSTEMPATH\Database\BaseBuilder.php on line 2122.
 1 SYSTEMPATH\Database\BaseBuilder.php(2058): CodeIgniter\Database\BaseBuilder->validateUpdate()
 2 SYSTEMPATH\Model.php(338): CodeIgniter\Database\BaseBuilder->update()
 3 SYSTEMPATH\BaseModel.php(886): CodeIgniter\Model->doUpdate(null, [])
 4 SYSTEMPATH\Model.php(693): CodeIgniter\BaseModel->update(null, [])
 5 APPPATH\Controllers\Employee.php(161): CodeIgniter\Model->update()
 6 SYSTEMPATH\CodeIgniter.php(927): App\Controllers\Employee->update_employee_data()
 7 SYSTEMPATH\CodeIgniter.php(482): CodeIgniter\CodeIgniter->runController(Object(App\Controllers\Employee))
 8 SYSTEMPATH\CodeIgniter.php(351): CodeIgniter\CodeIgniter->handleRequest(null, Object(Config\Cache), false)
 9 FCPATH\index.php(68): CodeIgniter\CodeIgniter->run()
CRITICAL - 2023-02-09 20:49:06 --> There is no data to update.
in SYSTEMPATH\BaseModel.php on line 867.
 1 SYSTEMPATH\BaseModel.php(867): CodeIgniter\Database\Exceptions\DataException::forEmptyDataset('update')
 2 SYSTEMPATH\Model.php(693): CodeIgniter\BaseModel->update(null, [])
 3 APPPATH\Controllers\Employee.php(161): CodeIgniter\Model->update()
 4 SYSTEMPATH\CodeIgniter.php(927): App\Controllers\Employee->update_employee_data()
 5 SYSTEMPATH\CodeIgniter.php(482): CodeIgniter\CodeIgniter->runController(Object(App\Controllers\Employee))
 6 SYSTEMPATH\CodeIgniter.php(351): CodeIgniter\CodeIgniter->handleRequest(null, Object(Config\Cache), false)
 7 FCPATH\index.php(68): CodeIgniter\CodeIgniter->run()
CRITICAL - 2023-02-09 20:50:02 --> There is no data to update.
in SYSTEMPATH\BaseModel.php on line 867.
 1 SYSTEMPATH\BaseModel.php(867): CodeIgniter\Database\Exceptions\DataException::forEmptyDataset('update')
 2 SYSTEMPATH\Model.php(693): CodeIgniter\BaseModel->update([...], [])
 3 APPPATH\Controllers\Employee.php(158): CodeIgniter\Model->update('6', [...])
 4 SYSTEMPATH\CodeIgniter.php(927): App\Controllers\Employee->update_employee_data()
 5 SYSTEMPATH\CodeIgniter.php(482): CodeIgniter\CodeIgniter->runController(Object(App\Controllers\Employee))
 6 SYSTEMPATH\CodeIgniter.php(351): CodeIgniter\CodeIgniter->handleRequest(null, Object(Config\Cache), false)
 7 FCPATH\index.php(68): CodeIgniter\CodeIgniter->run()
CRITICAL - 2023-02-09 20:50:57 --> There is no data to update.
in SYSTEMPATH\BaseModel.php on line 867.
 1 SYSTEMPATH\BaseModel.php(867): CodeIgniter\Database\Exceptions\DataException::forEmptyDataset('update')
 2 SYSTEMPATH\Model.php(693): CodeIgniter\BaseModel->update([...], [])
 3 APPPATH\Controllers\Employee.php(158): CodeIgniter\Model->update('6', [...])
 4 SYSTEMPATH\CodeIgniter.php(927): App\Controllers\Employee->update_employee_data()
 5 SYSTEMPATH\CodeIgniter.php(482): CodeIgniter\CodeIgniter->runController(Object(App\Controllers\Employee))
 6 SYSTEMPATH\CodeIgniter.php(351): CodeIgniter\CodeIgniter->handleRequest(null, Object(Config\Cache), false)
 7 FCPATH\index.php(68): CodeIgniter\CodeIgniter->run()
CRITICAL - 2023-02-09 20:51:23 --> There is no data to update.
in SYSTEMPATH\BaseModel.php on line 867.
 1 SYSTEMPATH\BaseModel.php(867): CodeIgniter\Database\Exceptions\DataException::forEmptyDataset('update')
 2 SYSTEMPATH\Model.php(693): CodeIgniter\BaseModel->update([...], [])
 3 APPPATH\Controllers\Employee.php(158): CodeIgniter\Model->update('6', [...])
 4 SYSTEMPATH\CodeIgniter.php(927): App\Controllers\Employee->update_employee_data()
 5 SYSTEMPATH\CodeIgniter.php(482): CodeIgniter\CodeIgniter->runController(Object(App\Controllers\Employee))
 6 SYSTEMPATH\CodeIgniter.php(351): CodeIgniter\CodeIgniter->handleRequest(null, Object(Config\Cache), false)
 7 FCPATH\index.php(68): CodeIgniter\CodeIgniter->run()
CRITICAL - 2023-02-09 20:59:15 --> Array to string conversion
in APPPATH\Controllers\Employee.php on line 157.
 1 APPPATH\Controllers\Employee.php(157): CodeIgniter\Debug\Exceptions->errorHandler(2, 'Array to string conversion', 'APPPATH\\Controllers\\Employee.php', 157)
 2 SYSTEMPATH\CodeIgniter.php(927): App\Controllers\Employee->update_employee_data()
 3 SYSTEMPATH\CodeIgniter.php(482): CodeIgniter\CodeIgniter->runController(Object(App\Controllers\Employee))
 4 SYSTEMPATH\CodeIgniter.php(351): CodeIgniter\CodeIgniter->handleRequest(null, Object(Config\Cache), false)
 5 FCPATH\index.php(68): CodeIgniter\CodeIgniter->run()
ERROR - 2023-02-09 20:59:35 --> Array
(
    [firstname] => Mark
    [middlename] => 
    [lastname] => Piquero
    [birthdate] => 05/29/1996
    [address] => Caloocan City
    [personal_email] => macpiquero00@gmail.com
    [contactno] => 2147483647
)

CRITICAL - 2023-02-09 21:00:07 --> Call to undefined method App\Models\EmployeeModel::affected_rows
in SYSTEMPATH\Model.php on line 774.
 1 APPPATH\Controllers\Employee.php(162): CodeIgniter\Model->__call('affected_rows', [])
 2 SYSTEMPATH\CodeIgniter.php(927): App\Controllers\Employee->update_employee_data()
 3 SYSTEMPATH\CodeIgniter.php(482): CodeIgniter\CodeIgniter->runController(Object(App\Controllers\Employee))
 4 SYSTEMPATH\CodeIgniter.php(351): CodeIgniter\CodeIgniter->handleRequest(null, Object(Config\Cache), false)
 5 FCPATH\index.php(68): CodeIgniter\CodeIgniter->run()
